The target system is: Linux -  - aarch64
The host system is: Linux - 5.4.0-26-generic - x86_64
Compiling the C compiler identification source file "CMakeCCompilerId.c" succeeded.
Compiler: /home/Atlas500_DDK/toolchains/Euler_compile_env_cross/arm/cross_compile/install/bin/aarch64-linux-gnu-gcc 
Build flags: 
Id flags:  

The output was:
0


Compilation of the C compiler identification source "CMakeCCompilerId.c" produced "a.out"

The C compiler identification is GNU, found in "/mnt/hgfs/vmshare/code/IPGC_test/CMakeFiles/3.16.3/CompilerIdC/a.out"

Compiling the CXX compiler identification source file "CMakeCXXCompilerId.cpp" succeeded.
Compiler: /home/Atlas500_DDK/toolchains/Euler_compile_env_cross/arm/cross_compile/install/bin/aarch64-linux-gnu-g++ 
Build flags: 
Id flags:  

The output was:
0


Compilation of the CXX compiler identification source "CMakeCXXCompilerId.cpp" produced "a.out"

The CXX compiler identification is GNU, found in "/mnt/hgfs/vmshare/code/IPGC_test/CMakeFiles/3.16.3/CompilerIdCXX/a.out"

Determining if the C compiler works passed with the following output:
Change Dir: /mnt/hgfs/vmshare/code/IPGC_test/CMakeFiles/CMakeTmp

Run Build Command(s):/usr/bin/make cmTC_5fa1c/fast && make: 警告：文件“Makefile”的修改时间在未来 0.14 秒后
/usr/bin/make -f CMakeFiles/cmTC_5fa1c.dir/build.make CMakeFiles/cmTC_5fa1c.dir/build
make[1]: 进入目录“/mnt/hgfs/vmshare/code/IPGC_test/CMakeFiles/CMakeTmp”
make[1]: 警告：文件“CMakeFiles/cmTC_5fa1c.dir/flags.make”的修改时间在未来 0.12 秒后
Building C object CMakeFiles/cmTC_5fa1c.dir/testCCompiler.c.o
/home/Atlas500_DDK/toolchains/Euler_compile_env_cross/arm/cross_compile/install/bin/aarch64-linux-gnu-gcc --sysroot=/home/Atlas500_DDK/toolchains/Euler_compile_env_cross/arm/cross_compile/install/sysroot    -o CMakeFiles/cmTC_5fa1c.dir/testCCompiler.c.o   -c /mnt/hgfs/vmshare/code/IPGC_test/CMakeFiles/CMakeTmp/testCCompiler.c
Linking C executable cmTC_5fa1c
/usr/bin/cmake -E cmake_link_script CMakeFiles/cmTC_5fa1c.dir/link.txt --verbose=1
/home/Atlas500_DDK/toolchains/Euler_compile_env_cross/arm/cross_compile/install/bin/aarch64-linux-gnu-gcc --sysroot=/home/Atlas500_DDK/toolchains/Euler_compile_env_cross/arm/cross_compile/install/sysroot      -rdynamic CMakeFiles/cmTC_5fa1c.dir/testCCompiler.c.o  -o cmTC_5fa1c 
make[1]: 警告：检测到时钟错误。您的构建版本可能是不完整的。
make[1]: 离开目录“/mnt/hgfs/vmshare/code/IPGC_test/CMakeFiles/CMakeTmp”
make: 警告：检测到时钟错误。您的构建版本可能是不完整的。



Detecting C compiler ABI info compiled with the following output:
Change Dir: /mnt/hgfs/vmshare/code/IPGC_test/CMakeFiles/CMakeTmp

Run Build Command(s):/usr/bin/make cmTC_0b456/fast && /usr/bin/make -f CMakeFiles/cmTC_0b456.dir/build.make CMakeFiles/cmTC_0b456.dir/build
make[1]: Entering directory '/mnt/hgfs/vmshare/code/IPGC_test/CMakeFiles/CMakeTmp'
Building C object CMakeFiles/cmTC_0b456.dir/CMakeCCompilerABI.c.o
/home/Atlas500_DDK/toolchains/Euler_compile_env_cross/arm/cross_compile/install/bin/aarch64-linux-gnu-gcc --sysroot=/home/Atlas500_DDK/toolchains/Euler_compile_env_cross/arm/cross_compile/install/sysroot   -v -o CMakeFiles/cmTC_0b456.dir/CMakeCCompilerABI.c.o   -c /usr/share/cmake-3.16/Modules/CMakeCCompilerABI.c
Using built-in specs.
COLLECT_GCC=/home/Atlas500_DDK/toolchains/Euler_compile_env_cross/arm/cross_compile/install/bin/aarch64-linux-gnu-gcc
Target: aarch64-linux-gnu
Configured with: /usr1/compiler_cpu/code/current/build/hcc_arm64le_1620/../../open_source/hcc_arm64le_1620_build_src/gcc-7.3.0/configure --build=x86_64-pc-linux-gnu --host=x86_64-pc-linux-gnu --target=aarch64-linux-gnu --with-arch=armv8-a --prefix=/usr1/compiler_cpu/code/current/build/hcc_arm64le_1620/1620_build_dir/hcc_arm64le_1620 --disable-multilib --with-specs='%{!fno-unwind-tables:-funwind-tables} %{!ftree-coalesce-vars:-fno-tree-coalesce-vars}' --enable-__cxa_atexit --with-gnu-as --with-gnu-ld --disable-libmudflap --enable-libgomp --enable-libssp --enable-threads --enable-plugin --enable-c99 --enable-long-long --disable-nls --enable-shared --enable-poison-system-directories --enable-symvers=gnu --with-pkgversion='Compiler CPU V200R005C00SPC030B003' --enable-languages=c,c++ --with-headers=/usr1/compiler_cpu/code/current/build/hcc_arm64le_1620/1620_build_dir/hcc_arm64le_1620/sysroot/usr/include --with-sysroot=/usr1/compiler_cpu/code/current/build/hcc_arm64le_1620/1620_build_dir/hcc_arm64le_1620/sysroot --with-build-sysroot=/usr1/compiler_cpu/code/current/build/hcc_arm64le_1620/1620_build_dir/hcc_arm64le_1620/sysroot --with-gmp=/usr1/compiler_cpu/code/current/build/hcc_arm64le_1620/1620_build_dir/hcc_arm64le_1620 --with-mpfr=/usr1/compiler_cpu/code/current/build/hcc_arm64le_1620/1620_build_dir/hcc_arm64le_1620 --with-mpc=/usr1/compiler_cpu/code/current/build/hcc_arm64le_1620/1620_build_dir/hcc_arm64le_1620 --with-isl=/usr1/compiler_cpu/code/current/build/hcc_arm64le_1620/1620_build_dir/hcc_arm64le_1620 --with-build-time-tools=/usr1/compiler_cpu/code/current/build/hcc_arm64le_1620/1620_build_dir/hcc_arm64le_1620/aarch64-linux-gnu/bin --libdir=/usr1/compiler_cpu/code/current/build/hcc_arm64le_1620/1620_build_dir/hcc_arm64le_1620/lib64 --disable-bootstrap --enable-fix-cortex-a53-835769 --enable-fix-cortex-a53-843419 --disable-libcilkrts --disable-libstdcxx-dual-abi --enable-default-pie --with-system-zlib
Thread model: posix
gcc version 7.3.0 (Compiler CPU V200R005C00SPC030B003) 
COLLECT_GCC_OPTIONS='-v' '-o' 'CMakeFiles/cmTC_0b456.dir/CMakeCCompilerABI.c.o' '-c' '-march=armv8-a' '-mlittle-endian' '-mabi=lp64' '-funwind-tables' '-fno-tree-coalesce-vars'
 /home/Atlas500_DDK/toolchains/Euler_compile_env_cross/arm/cross_compile/install/bin/../libexec/gcc/aarch64-linux-gnu/7.3.0/cc1 -quiet -v -iprefix /home/Atlas500_DDK/toolchains/Euler_compile_env_cross/arm/cross_compile/install/bin/../lib64/gcc/aarch64-linux-gnu/7.3.0/ -isysroot /home/Atlas500_DDK/toolchains/Euler_compile_env_cross/arm/cross_compile/install/sysroot /usr/share/cmake-3.16/Modules/CMakeCCompilerABI.c -quiet -dumpbase CMakeCCompilerABI.c -march=armv8-a -mlittle-endian -mabi=lp64 -auxbase-strip CMakeFiles/cmTC_0b456.dir/CMakeCCompilerABI.c.o -version -funwind-tables -fno-tree-coalesce-vars -o /tmp/ccEzPW9L.s
GNU C11 (Compiler CPU V200R005C00SPC030B003) version 7.3.0 (aarch64-linux-gnu)
	compiled by GNU C version 7.3.0, GMP version 6.1.2, MPFR version 4.0.2, MPC version 1.1.0, isl version isl-0.21-GMP

GGC heuristics: --param ggc-min-expand=100 --param ggc-min-heapsize=131072
ignoring duplicate directory "/home/Atlas500_DDK/toolchains/Euler_compile_env_cross/arm/cross_compile/install/bin/../lib64/gcc/../../lib64/gcc/aarch64-linux-gnu/7.3.0/include"
ignoring duplicate directory "/home/Atlas500_DDK/toolchains/Euler_compile_env_cross/arm/cross_compile/install/bin/../lib64/gcc/../../lib64/gcc/aarch64-linux-gnu/7.3.0/include-fixed"
ignoring duplicate directory "/home/Atlas500_DDK/toolchains/Euler_compile_env_cross/arm/cross_compile/install/bin/../lib64/gcc/../../lib64/gcc/aarch64-linux-gnu/7.3.0/../../../../aarch64-linux-gnu/include"
#include "..." search starts here:
#include <...> search starts here:
 /home/Atlas500_DDK/toolchains/Euler_compile_env_cross/arm/cross_compile/install/bin/../lib64/gcc/aarch64-linux-gnu/7.3.0/include
 /home/Atlas500_DDK/toolchains/Euler_compile_env_cross/arm/cross_compile/install/bin/../lib64/gcc/aarch64-linux-gnu/7.3.0/include-fixed
 /home/Atlas500_DDK/toolchains/Euler_compile_env_cross/arm/cross_compile/install/bin/../lib64/gcc/aarch64-linux-gnu/7.3.0/../../../../aarch64-linux-gnu/include
 /home/Atlas500_DDK/toolchains/Euler_compile_env_cross/arm/cross_compile/install/sysroot/usr/local/include
 /home/Atlas500_DDK/toolchains/Euler_compile_env_cross/arm/cross_compile/install/sysroot/usr/include
End of search list.
GNU C11 (Compiler CPU V200R005C00SPC030B003) version 7.3.0 (aarch64-linux-gnu)
	compiled by GNU C version 7.3.0, GMP version 6.1.2, MPFR version 4.0.2, MPC version 1.1.0, isl version isl-0.21-GMP

GGC heuristics: --param ggc-min-expand=100 --param ggc-min-heapsize=131072
Compiler executable checksum: 012dd4ce218041faee8e629660e3ab67
COLLECT_GCC_OPTIONS='-v' '-o' 'CMakeFiles/cmTC_0b456.dir/CMakeCCompilerABI.c.o' '-c' '-march=armv8-a' '-mlittle-endian' '-mabi=lp64' '-funwind-tables' '-fno-tree-coalesce-vars'
 /home/Atlas500_DDK/toolchains/Euler_compile_env_cross/arm/cross_compile/install/bin/../lib64/gcc/aarch64-linux-gnu/7.3.0/../../../../aarch64-linux-gnu/bin/as -v -EL -march=armv8-a -mabi=lp64 -o CMakeFiles/cmTC_0b456.dir/CMakeCCompilerABI.c.o /tmp/ccEzPW9L.s
GNU assembler version 2.31.1 (aarch64-linux-gnu) using BFD version (Compiler CPU V200R005C00SPC030B003) 2.31.1
COMPILER_PATH=/home/Atlas500_DDK/toolchains/Euler_compile_env_cross/arm/cross_compile/install/bin/../libexec/gcc/aarch64-linux-gnu/7.3.0/:/home/Atlas500_DDK/toolchains/Euler_compile_env_cross/arm/cross_compile/install/bin/../libexec/gcc/:/home/Atlas500_DDK/toolchains/Euler_compile_env_cross/arm/cross_compile/install/bin/../lib64/gcc/aarch64-linux-gnu/7.3.0/../../../../aarch64-linux-gnu/bin/
LIBRARY_PATH=/home/Atlas500_DDK/toolchains/Euler_compile_env_cross/arm/cross_compile/install/bin/../lib64/gcc/aarch64-linux-gnu/7.3.0/:/home/Atlas500_DDK/toolchains/Euler_compile_env_cross/arm/cross_compile/install/bin/../lib64/gcc/:/home/Atlas500_DDK/toolchains/Euler_compile_env_cross/arm/cross_compile/install/bin/../lib64/gcc/aarch64-linux-gnu/7.3.0/../../../../aarch64-linux-gnu/lib/../lib64/:/home/Atlas500_DDK/toolchains/Euler_compile_env_cross/arm/cross_compile/install/sysroot/lib/../lib64/:/home/Atlas500_DDK/toolchains/Euler_compile_env_cross/arm/cross_compile/install/sysroot/usr/lib64/../lib64/:/home/Atlas500_DDK/toolchains/Euler_compile_env_cross/arm/cross_compile/install/bin/../lib64/gcc/aarch64-linux-gnu/7.3.0/../../../../aarch64-linux-gnu/lib/:/home/Atlas500_DDK/toolchains/Euler_compile_env_cross/arm/cross_compile/install/sysroot/lib/:/home/Atlas500_DDK/toolchains/Euler_compile_env_cross/arm/cross_compile/install/sysroot/usr/lib64/
COLLECT_GCC_OPTIONS='-v' '-o' 'CMakeFiles/cmTC_0b456.dir/CMakeCCompilerABI.c.o' '-c' '-march=armv8-a' '-mlittle-endian' '-mabi=lp64' '-funwind-tables' '-fno-tree-coalesce-vars'
Linking C executable cmTC_0b456
/usr/bin/cmake -E cmake_link_script CMakeFiles/cmTC_0b456.dir/link.txt --verbose=1
/home/Atlas500_DDK/toolchains/Euler_compile_env_cross/arm/cross_compile/install/bin/aarch64-linux-gnu-gcc --sysroot=/home/Atlas500_DDK/toolchains/Euler_compile_env_cross/arm/cross_compile/install/sysroot     -v -rdynamic CMakeFiles/cmTC_0b456.dir/CMakeCCompilerABI.c.o  -o cmTC_0b456 
Using built-in specs.
COLLECT_GCC=/home/Atlas500_DDK/toolchains/Euler_compile_env_cross/arm/cross_compile/install/bin/aarch64-linux-gnu-gcc
COLLECT_LTO_WRAPPER=/home/Atlas500_DDK/toolchains/Euler_compile_env_cross/arm/cross_compile/install/bin/../libexec/gcc/aarch64-linux-gnu/7.3.0/lto-wrapper
Target: aarch64-linux-gnu
Configured with: /usr1/compiler_cpu/code/current/build/hcc_arm64le_1620/../../open_source/hcc_arm64le_1620_build_src/gcc-7.3.0/configure --build=x86_64-pc-linux-gnu --host=x86_64-pc-linux-gnu --target=aarch64-linux-gnu --with-arch=armv8-a --prefix=/usr1/compiler_cpu/code/current/build/hcc_arm64le_1620/1620_build_dir/hcc_arm64le_1620 --disable-multilib --with-specs='%{!fno-unwind-tables:-funwind-tables} %{!ftree-coalesce-vars:-fno-tree-coalesce-vars}' --enable-__cxa_atexit --with-gnu-as --with-gnu-ld --disable-libmudflap --enable-libgomp --enable-libssp --enable-threads --enable-plugin --enable-c99 --enable-long-long --disable-nls --enable-shared --enable-poison-system-directories --enable-symvers=gnu --with-pkgversion='Compiler CPU V200R005C00SPC030B003' --enable-languages=c,c++ --with-headers=/usr1/compiler_cpu/code/current/build/hcc_arm64le_1620/1620_build_dir/hcc_arm64le_1620/sysroot/usr/include --with-sysroot=/usr1/compiler_cpu/code/current/build/hcc_arm64le_1620/1620_build_dir/hcc_arm64le_1620/sysroot --with-build-sysroot=/usr1/compiler_cpu/code/current/build/hcc_arm64le_1620/1620_build_dir/hcc_arm64le_1620/sysroot --with-gmp=/usr1/compiler_cpu/code/current/build/hcc_arm64le_1620/1620_build_dir/hcc_arm64le_1620 --with-mpfr=/usr1/compiler_cpu/code/current/build/hcc_arm64le_1620/1620_build_dir/hcc_arm64le_1620 --with-mpc=/usr1/compiler_cpu/code/current/build/hcc_arm64le_1620/1620_build_dir/hcc_arm64le_1620 --with-isl=/usr1/compiler_cpu/code/current/build/hcc_arm64le_1620/1620_build_dir/hcc_arm64le_1620 --with-build-time-tools=/usr1/compiler_cpu/code/current/build/hcc_arm64le_1620/1620_build_dir/hcc_arm64le_1620/aarch64-linux-gnu/bin --libdir=/usr1/compiler_cpu/code/current/build/hcc_arm64le_1620/1620_build_dir/hcc_arm64le_1620/lib64 --disable-bootstrap --enable-fix-cortex-a53-835769 --enable-fix-cortex-a53-843419 --disable-libcilkrts --disable-libstdcxx-dual-abi --enable-default-pie --with-system-zlib
Thread model: posix
gcc version 7.3.0 (Compiler CPU V200R005C00SPC030B003) 
COMPILER_PATH=/home/Atlas500_DDK/toolchains/Euler_compile_env_cross/arm/cross_compile/install/bin/../libexec/gcc/aarch64-linux-gnu/7.3.0/:/home/Atlas500_DDK/toolchains/Euler_compile_env_cross/arm/cross_compile/install/bin/../libexec/gcc/:/home/Atlas500_DDK/toolchains/Euler_compile_env_cross/arm/cross_compile/install/bin/../lib64/gcc/aarch64-linux-gnu/7.3.0/../../../../aarch64-linux-gnu/bin/
LIBRARY_PATH=/home/Atlas500_DDK/toolchains/Euler_compile_env_cross/arm/cross_compile/install/bin/../lib64/gcc/aarch64-linux-gnu/7.3.0/:/home/Atlas500_DDK/toolchains/Euler_compile_env_cross/arm/cross_compile/install/bin/../lib64/gcc/:/home/Atlas500_DDK/toolchains/Euler_compile_env_cross/arm/cross_compile/install/bin/../lib64/gcc/aarch64-linux-gnu/7.3.0/../../../../aarch64-linux-gnu/lib/../lib64/:/home/Atlas500_DDK/toolchains/Euler_compile_env_cross/arm/cross_compile/install/sysroot/lib/../lib64/:/home/Atlas500_DDK/toolchains/Euler_compile_env_cross/arm/cross_compile/install/sysroot/usr/lib64/../lib64/:/home/Atlas500_DDK/toolchains/Euler_compile_env_cross/arm/cross_compile/install/bin/../lib64/gcc/aarch64-linux-gnu/7.3.0/../../../../aarch64-linux-gnu/lib/:/home/Atlas500_DDK/toolchains/Euler_compile_env_cross/arm/cross_compile/install/sysroot/lib/:/home/Atlas500_DDK/toolchains/Euler_compile_env_cross/arm/cross_compile/install/sysroot/usr/lib64/
COLLECT_GCC_OPTIONS='-v' '-rdynamic' '-o' 'cmTC_0b456' '-march=armv8-a' '-mlittle-endian' '-mabi=lp64' '-funwind-tables' '-fno-tree-coalesce-vars'
 /home/Atlas500_DDK/toolchains/Euler_compile_env_cross/arm/cross_compile/install/bin/../libexec/gcc/aarch64-linux-gnu/7.3.0/collect2 -plugin /home/Atlas500_DDK/toolchains/Euler_compile_env_cross/arm/cross_compile/install/bin/../libexec/gcc/aarch64-linux-gnu/7.3.0/liblto_plugin.so -plugin-opt=/home/Atlas500_DDK/toolchains/Euler_compile_env_cross/arm/cross_compile/install/bin/../libexec/gcc/aarch64-linux-gnu/7.3.0/lto-wrapper -plugin-opt=-fresolution=/tmp/ccSha80e.res -plugin-opt=-pass-through=-lgcc -plugin-opt=-pass-through=-lgcc_s -plugin-opt=-pass-through=-lc -plugin-opt=-pass-through=-lgcc -plugin-opt=-pass-through=-lgcc_s --sysroot=/home/Atlas500_DDK/toolchains/Euler_compile_env_cross/arm/cross_compile/install/sysroot --eh-frame-hdr -export-dynamic -dynamic-linker /lib64/ld-linux-aarch64.so.1 -X -EL -maarch64linux --fix-cortex-a53-835769 --fix-cortex-a53-843419 -pie -o cmTC_0b456 /home/Atlas500_DDK/toolchains/Euler_compile_env_cross/arm/cross_compile/install/sysroot/lib/../lib64/Scrt1.o /home/Atlas500_DDK/toolchains/Euler_compile_env_cross/arm/cross_compile/install/sysroot/lib/../lib64/crti.o /home/Atlas500_DDK/toolchains/Euler_compile_env_cross/arm/cross_compile/install/bin/../lib64/gcc/aarch64-linux-gnu/7.3.0/crtbeginS.o -L/home/Atlas500_DDK/toolchains/Euler_compile_env_cross/arm/cross_compile/install/bin/../lib64/gcc/aarch64-linux-gnu/7.3.0 -L/home/Atlas500_DDK/toolchains/Euler_compile_env_cross/arm/cross_compile/install/bin/../lib64/gcc -L/home/Atlas500_DDK/toolchains/Euler_compile_env_cross/arm/cross_compile/install/bin/../lib64/gcc/aarch64-linux-gnu/7.3.0/../../../../aarch64-linux-gnu/lib/../lib64 -L/home/Atlas500_DDK/toolchains/Euler_compile_env_cross/arm/cross_compile/install/sysroot/lib/../lib64 -L/home/Atlas500_DDK/toolchains/Euler_compile_env_cross/arm/cross_compile/install/sysroot/usr/lib64/../lib64 -L/home/Atlas500_DDK/toolchains/Euler_compile_env_cross/arm/cross_compile/install/bin/../lib64/gcc/aarch64-linux-gnu/7.3.0/../../../../aarch64-linux-gnu/lib -L/home/Atlas500_DDK/toolchains/Euler_compile_env_cross/arm/cross_compile/install/sysroot/lib -L/home/Atlas500_DDK/toolchains/Euler_compile_env_cross/arm/cross_compile/install/sysroot/usr/lib64 CMakeFiles/cmTC_0b456.dir/CMakeCCompilerABI.c.o -lgcc --as-needed -lgcc_s --no-as-needed -lc -lgcc --as-needed -lgcc_s --no-as-needed /home/Atlas500_DDK/toolchains/Euler_compile_env_cross/arm/cross_compile/install/bin/../lib64/gcc/aarch64-linux-gnu/7.3.0/crtendS.o /home/Atlas500_DDK/toolchains/Euler_compile_env_cross/arm/cross_compile/install/sysroot/lib/../lib64/crtn.o
COLLECT_GCC_OPTIONS='-v' '-rdynamic' '-o' 'cmTC_0b456' '-march=armv8-a' '-mlittle-endian' '-mabi=lp64' '-funwind-tables' '-fno-tree-coalesce-vars'
make[1]: Leaving directory '/mnt/hgfs/vmshare/code/IPGC_test/CMakeFiles/CMakeTmp'



Parsed C implicit include dir info from above output: rv=done
  found start of include info
  found start of implicit include info
    add: [/home/Atlas500_DDK/toolchains/Euler_compile_env_cross/arm/cross_compile/install/bin/../lib64/gcc/aarch64-linux-gnu/7.3.0/include]
    add: [/home/Atlas500_DDK/toolchains/Euler_compile_env_cross/arm/cross_compile/install/bin/../lib64/gcc/aarch64-linux-gnu/7.3.0/include-fixed]
    add: [/home/Atlas500_DDK/toolchains/Euler_compile_env_cross/arm/cross_compile/install/bin/../lib64/gcc/aarch64-linux-gnu/7.3.0/../../../../aarch64-linux-gnu/include]
    add: [/home/Atlas500_DDK/toolchains/Euler_compile_env_cross/arm/cross_compile/install/sysroot/usr/local/include]
    add: [/home/Atlas500_DDK/toolchains/Euler_compile_env_cross/arm/cross_compile/install/sysroot/usr/include]
  end of search list found
  collapse include dir [/home/Atlas500_DDK/toolchains/Euler_compile_env_cross/arm/cross_compile/install/bin/../lib64/gcc/aarch64-linux-gnu/7.3.0/include] ==> [/home/Atlas500_DDK/toolchains/Euler_compile_env_cross/arm/cross_compile/install/lib64/gcc/aarch64-linux-gnu/7.3.0/include]
  collapse include dir [/home/Atlas500_DDK/toolchains/Euler_compile_env_cross/arm/cross_compile/install/bin/../lib64/gcc/aarch64-linux-gnu/7.3.0/include-fixed] ==> [/home/Atlas500_DDK/toolchains/Euler_compile_env_cross/arm/cross_compile/install/lib64/gcc/aarch64-linux-gnu/7.3.0/include-fixed]
  collapse include dir [/home/Atlas500_DDK/toolchains/Euler_compile_env_cross/arm/cross_compile/install/bin/../lib64/gcc/aarch64-linux-gnu/7.3.0/../../../../aarch64-linux-gnu/include] ==> [/home/Atlas500_DDK/toolchains/Euler_compile_env_cross/arm/cross_compile/install/aarch64-linux-gnu/include]
  collapse include dir [/home/Atlas500_DDK/toolchains/Euler_compile_env_cross/arm/cross_compile/install/sysroot/usr/local/include] ==> [/home/Atlas500_DDK/toolchains/Euler_compile_env_cross/arm/cross_compile/install/sysroot/usr/local/include]
  collapse include dir [/home/Atlas500_DDK/toolchains/Euler_compile_env_cross/arm/cross_compile/install/sysroot/usr/include] ==> [/home/Atlas500_DDK/toolchains/Euler_compile_env_cross/arm/cross_compile/install/sysroot/usr/include]
  implicit include dirs: [/home/Atlas500_DDK/toolchains/Euler_compile_env_cross/arm/cross_compile/install/lib64/gcc/aarch64-linux-gnu/7.3.0/include;/home/Atlas500_DDK/toolchains/Euler_compile_env_cross/arm/cross_compile/install/lib64/gcc/aarch64-linux-gnu/7.3.0/include-fixed;/home/Atlas500_DDK/toolchains/Euler_compile_env_cross/arm/cross_compile/install/aarch64-linux-gnu/include;/home/Atlas500_DDK/toolchains/Euler_compile_env_cross/arm/cross_compile/install/sysroot/usr/local/include;/home/Atlas500_DDK/toolchains/Euler_compile_env_cross/arm/cross_compile/install/sysroot/usr/include]


Parsed C implicit link information from above output:
  link line regex: [^( *|.*[/\])(aarch64-linux-gnu-ld|CMAKE_LINK_STARTFILE-NOTFOUND|([^/\]+-)?ld|collect2)[^/\]*( |$)]
  ignore line: [Change Dir: /mnt/hgfs/vmshare/code/IPGC_test/CMakeFiles/CMakeTmp]
  ignore line: []
  ignore line: [Run Build Command(s):/usr/bin/make cmTC_0b456/fast && /usr/bin/make -f CMakeFiles/cmTC_0b456.dir/build.make CMakeFiles/cmTC_0b456.dir/build]
  ignore line: [make[1]: Entering directory '/mnt/hgfs/vmshare/code/IPGC_test/CMakeFiles/CMakeTmp']
  ignore line: [Building C object CMakeFiles/cmTC_0b456.dir/CMakeCCompilerABI.c.o]
  ignore line: [/home/Atlas500_DDK/toolchains/Euler_compile_env_cross/arm/cross_compile/install/bin/aarch64-linux-gnu-gcc --sysroot=/home/Atlas500_DDK/toolchains/Euler_compile_env_cross/arm/cross_compile/install/sysroot   -v -o CMakeFiles/cmTC_0b456.dir/CMakeCCompilerABI.c.o   -c /usr/share/cmake-3.16/Modules/CMakeCCompilerABI.c]
  ignore line: [Using built-in specs.]
  ignore line: [COLLECT_GCC=/home/Atlas500_DDK/toolchains/Euler_compile_env_cross/arm/cross_compile/install/bin/aarch64-linux-gnu-gcc]
  ignore line: [Target: aarch64-linux-gnu]
  ignore line: [Configured with: /usr1/compiler_cpu/code/current/build/hcc_arm64le_1620/../../open_source/hcc_arm64le_1620_build_src/gcc-7.3.0/configure --build=x86_64-pc-linux-gnu --host=x86_64-pc-linux-gnu --target=aarch64-linux-gnu --with-arch=armv8-a --prefix=/usr1/compiler_cpu/code/current/build/hcc_arm64le_1620/1620_build_dir/hcc_arm64le_1620 --disable-multilib --with-specs='%{!fno-unwind-tables:-funwind-tables} %{!ftree-coalesce-vars:-fno-tree-coalesce-vars}' --enable-__cxa_atexit --with-gnu-as --with-gnu-ld --disable-libmudflap --enable-libgomp --enable-libssp --enable-threads --enable-plugin --enable-c99 --enable-long-long --disable-nls --enable-shared --enable-poison-system-directories --enable-symvers=gnu --with-pkgversion='Compiler CPU V200R005C00SPC030B003' --enable-languages=c,c++ --with-headers=/usr1/compiler_cpu/code/current/build/hcc_arm64le_1620/1620_build_dir/hcc_arm64le_1620/sysroot/usr/include --with-sysroot=/usr1/compiler_cpu/code/current/build/hcc_arm64le_1620/1620_build_dir/hcc_arm64le_1620/sysroot --with-build-sysroot=/usr1/compiler_cpu/code/current/build/hcc_arm64le_1620/1620_build_dir/hcc_arm64le_1620/sysroot --with-gmp=/usr1/compiler_cpu/code/current/build/hcc_arm64le_1620/1620_build_dir/hcc_arm64le_1620 --with-mpfr=/usr1/compiler_cpu/code/current/build/hcc_arm64le_1620/1620_build_dir/hcc_arm64le_1620 --with-mpc=/usr1/compiler_cpu/code/current/build/hcc_arm64le_1620/1620_build_dir/hcc_arm64le_1620 --with-isl=/usr1/compiler_cpu/code/current/build/hcc_arm64le_1620/1620_build_dir/hcc_arm64le_1620 --with-build-time-tools=/usr1/compiler_cpu/code/current/build/hcc_arm64le_1620/1620_build_dir/hcc_arm64le_1620/aarch64-linux-gnu/bin --libdir=/usr1/compiler_cpu/code/current/build/hcc_arm64le_1620/1620_build_dir/hcc_arm64le_1620/lib64 --disable-bootstrap --enable-fix-cortex-a53-835769 --enable-fix-cortex-a53-843419 --disable-libcilkrts --disable-libstdcxx-dual-abi --enable-default-pie --with-system-zlib]
  ignore line: [Thread model: posix]
  ignore line: [gcc version 7.3.0 (Compiler CPU V200R005C00SPC030B003) ]
  ignore line: [COLLECT_GCC_OPTIONS='-v' '-o' 'CMakeFiles/cmTC_0b456.dir/CMakeCCompilerABI.c.o' '-c' '-march=armv8-a' '-mlittle-endian' '-mabi=lp64' '-funwind-tables' '-fno-tree-coalesce-vars']
  ignore line: [ /home/Atlas500_DDK/toolchains/Euler_compile_env_cross/arm/cross_compile/install/bin/../libexec/gcc/aarch64-linux-gnu/7.3.0/cc1 -quiet -v -iprefix /home/Atlas500_DDK/toolchains/Euler_compile_env_cross/arm/cross_compile/install/bin/../lib64/gcc/aarch64-linux-gnu/7.3.0/ -isysroot /home/Atlas500_DDK/toolchains/Euler_compile_env_cross/arm/cross_compile/install/sysroot /usr/share/cmake-3.16/Modules/CMakeCCompilerABI.c -quiet -dumpbase CMakeCCompilerABI.c -march=armv8-a -mlittle-endian -mabi=lp64 -auxbase-strip CMakeFiles/cmTC_0b456.dir/CMakeCCompilerABI.c.o -version -funwind-tables -fno-tree-coalesce-vars -o /tmp/ccEzPW9L.s]
  ignore line: [GNU C11 (Compiler CPU V200R005C00SPC030B003) version 7.3.0 (aarch64-linux-gnu)]
  ignore line: [	compiled by GNU C version 7.3.0  GMP version 6.1.2  MPFR version 4.0.2  MPC version 1.1.0  isl version isl-0.21-GMP]
  ignore line: []
  ignore line: [GGC heuristics: --param ggc-min-expand=100 --param ggc-min-heapsize=131072]
  ignore line: [ignoring duplicate directory "/home/Atlas500_DDK/toolchains/Euler_compile_env_cross/arm/cross_compile/install/bin/../lib64/gcc/../../lib64/gcc/aarch64-linux-gnu/7.3.0/include"]
  ignore line: [ignoring duplicate directory "/home/Atlas500_DDK/toolchains/Euler_compile_env_cross/arm/cross_compile/install/bin/../lib64/gcc/../../lib64/gcc/aarch64-linux-gnu/7.3.0/include-fixed"]
  ignore line: [ignoring duplicate directory "/home/Atlas500_DDK/toolchains/Euler_compile_env_cross/arm/cross_compile/install/bin/../lib64/gcc/../../lib64/gcc/aarch64-linux-gnu/7.3.0/../../../../aarch64-linux-gnu/include"]
  ignore line: [#include "..." search starts here:]
  ignore line: [#include <...> search starts here:]
  ignore line: [ /home/Atlas500_DDK/toolchains/Euler_compile_env_cross/arm/cross_compile/install/bin/../lib64/gcc/aarch64-linux-gnu/7.3.0/include]
  ignore line: [ /home/Atlas500_DDK/toolchains/Euler_compile_env_cross/arm/cross_compile/install/bin/../lib64/gcc/aarch64-linux-gnu/7.3.0/include-fixed]
  ignore line: [ /home/Atlas500_DDK/toolchains/Euler_compile_env_cross/arm/cross_compile/install/bin/../lib64/gcc/aarch64-linux-gnu/7.3.0/../../../../aarch64-linux-gnu/include]
  ignore line: [ /home/Atlas500_DDK/toolchains/Euler_compile_env_cross/arm/cross_compile/install/sysroot/usr/local/include]
  ignore line: [ /home/Atlas500_DDK/toolchains/Euler_compile_env_cross/arm/cross_compile/install/sysroot/usr/include]
  ignore line: [End of search list.]
  ignore line: [GNU C11 (Compiler CPU V200R005C00SPC030B003) version 7.3.0 (aarch64-linux-gnu)]
  ignore line: [	compiled by GNU C version 7.3.0  GMP version 6.1.2  MPFR version 4.0.2  MPC version 1.1.0  isl version isl-0.21-GMP]
  ignore line: []
  ignore line: [GGC heuristics: --param ggc-min-expand=100 --param ggc-min-heapsize=131072]
  ignore line: [Compiler executable checksum: 012dd4ce218041faee8e629660e3ab67]
  ignore line: [COLLECT_GCC_OPTIONS='-v' '-o' 'CMakeFiles/cmTC_0b456.dir/CMakeCCompilerABI.c.o' '-c' '-march=armv8-a' '-mlittle-endian' '-mabi=lp64' '-funwind-tables' '-fno-tree-coalesce-vars']
  ignore line: [ /home/Atlas500_DDK/toolchains/Euler_compile_env_cross/arm/cross_compile/install/bin/../lib64/gcc/aarch64-linux-gnu/7.3.0/../../../../aarch64-linux-gnu/bin/as -v -EL -march=armv8-a -mabi=lp64 -o CMakeFiles/cmTC_0b456.dir/CMakeCCompilerABI.c.o /tmp/ccEzPW9L.s]
  ignore line: [GNU assembler version 2.31.1 (aarch64-linux-gnu) using BFD version (Compiler CPU V200R005C00SPC030B003) 2.31.1]
  ignore line: [COMPILER_PATH=/home/Atlas500_DDK/toolchains/Euler_compile_env_cross/arm/cross_compile/install/bin/../libexec/gcc/aarch64-linux-gnu/7.3.0/:/home/Atlas500_DDK/toolchains/Euler_compile_env_cross/arm/cross_compile/install/bin/../libexec/gcc/:/home/Atlas500_DDK/toolchains/Euler_compile_env_cross/arm/cross_compile/install/bin/../lib64/gcc/aarch64-linux-gnu/7.3.0/../../../../aarch64-linux-gnu/bin/]
  ignore line: [LIBRARY_PATH=/home/Atlas500_DDK/toolchains/Euler_compile_env_cross/arm/cross_compile/install/bin/../lib64/gcc/aarch64-linux-gnu/7.3.0/:/home/Atlas500_DDK/toolchains/Euler_compile_env_cross/arm/cross_compile/install/bin/../lib64/gcc/:/home/Atlas500_DDK/toolchains/Euler_compile_env_cross/arm/cross_compile/install/bin/../lib64/gcc/aarch64-linux-gnu/7.3.0/../../../../aarch64-linux-gnu/lib/../lib64/:/home/Atlas500_DDK/toolchains/Euler_compile_env_cross/arm/cross_compile/install/sysroot/lib/../lib64/:/home/Atlas500_DDK/toolchains/Euler_compile_env_cross/arm/cross_compile/install/sysroot/usr/lib64/../lib64/:/home/Atlas500_DDK/toolchains/Euler_compile_env_cross/arm/cross_compile/install/bin/../lib64/gcc/aarch64-linux-gnu/7.3.0/../../../../aarch64-linux-gnu/lib/:/home/Atlas500_DDK/toolchains/Euler_compile_env_cross/arm/cross_compile/install/sysroot/lib/:/home/Atlas500_DDK/toolchains/Euler_compile_env_cross/arm/cross_compile/install/sysroot/usr/lib64/]
  ignore line: [COLLECT_GCC_OPTIONS='-v' '-o' 'CMakeFiles/cmTC_0b456.dir/CMakeCCompilerABI.c.o' '-c' '-march=armv8-a' '-mlittle-endian' '-mabi=lp64' '-funwind-tables' '-fno-tree-coalesce-vars']
  ignore line: [Linking C executable cmTC_0b456]
  ignore line: [/usr/bin/cmake -E cmake_link_script CMakeFiles/cmTC_0b456.dir/link.txt --verbose=1]
  ignore line: [/home/Atlas500_DDK/toolchains/Euler_compile_env_cross/arm/cross_compile/install/bin/aarch64-linux-gnu-gcc --sysroot=/home/Atlas500_DDK/toolchains/Euler_compile_env_cross/arm/cross_compile/install/sysroot     -v -rdynamic CMakeFiles/cmTC_0b456.dir/CMakeCCompilerABI.c.o  -o cmTC_0b456 ]
  ignore line: [Using built-in specs.]
  ignore line: [COLLECT_GCC=/home/Atlas500_DDK/toolchains/Euler_compile_env_cross/arm/cross_compile/install/bin/aarch64-linux-gnu-gcc]
  ignore line: [COLLECT_LTO_WRAPPER=/home/Atlas500_DDK/toolchains/Euler_compile_env_cross/arm/cross_compile/install/bin/../libexec/gcc/aarch64-linux-gnu/7.3.0/lto-wrapper]
  ignore line: [Target: aarch64-linux-gnu]
  ignore line: [Configured with: /usr1/compiler_cpu/code/current/build/hcc_arm64le_1620/../../open_source/hcc_arm64le_1620_build_src/gcc-7.3.0/configure --build=x86_64-pc-linux-gnu --host=x86_64-pc-linux-gnu --target=aarch64-linux-gnu --with-arch=armv8-a --prefix=/usr1/compiler_cpu/code/current/build/hcc_arm64le_1620/1620_build_dir/hcc_arm64le_1620 --disable-multilib --with-specs='%{!fno-unwind-tables:-funwind-tables} %{!ftree-coalesce-vars:-fno-tree-coalesce-vars}' --enable-__cxa_atexit --with-gnu-as --with-gnu-ld --disable-libmudflap --enable-libgomp --enable-libssp --enable-threads --enable-plugin --enable-c99 --enable-long-long --disable-nls --enable-shared --enable-poison-system-directories --enable-symvers=gnu --with-pkgversion='Compiler CPU V200R005C00SPC030B003' --enable-languages=c,c++ --with-headers=/usr1/compiler_cpu/code/current/build/hcc_arm64le_1620/1620_build_dir/hcc_arm64le_1620/sysroot/usr/include --with-sysroot=/usr1/compiler_cpu/code/current/build/hcc_arm64le_1620/1620_build_dir/hcc_arm64le_1620/sysroot --with-build-sysroot=/usr1/compiler_cpu/code/current/build/hcc_arm64le_1620/1620_build_dir/hcc_arm64le_1620/sysroot --with-gmp=/usr1/compiler_cpu/code/current/build/hcc_arm64le_1620/1620_build_dir/hcc_arm64le_1620 --with-mpfr=/usr1/compiler_cpu/code/current/build/hcc_arm64le_1620/1620_build_dir/hcc_arm64le_1620 --with-mpc=/usr1/compiler_cpu/code/current/build/hcc_arm64le_1620/1620_build_dir/hcc_arm64le_1620 --with-isl=/usr1/compiler_cpu/code/current/build/hcc_arm64le_1620/1620_build_dir/hcc_arm64le_1620 --with-build-time-tools=/usr1/compiler_cpu/code/current/build/hcc_arm64le_1620/1620_build_dir/hcc_arm64le_1620/aarch64-linux-gnu/bin --libdir=/usr1/compiler_cpu/code/current/build/hcc_arm64le_1620/1620_build_dir/hcc_arm64le_1620/lib64 --disable-bootstrap --enable-fix-cortex-a53-835769 --enable-fix-cortex-a53-843419 --disable-libcilkrts --disable-libstdcxx-dual-abi --enable-default-pie --with-system-zlib]
  ignore line: [Thread model: posix]
  ignore line: [gcc version 7.3.0 (Compiler CPU V200R005C00SPC030B003) ]
  ignore line: [COMPILER_PATH=/home/Atlas500_DDK/toolchains/Euler_compile_env_cross/arm/cross_compile/install/bin/../libexec/gcc/aarch64-linux-gnu/7.3.0/:/home/Atlas500_DDK/toolchains/Euler_compile_env_cross/arm/cross_compile/install/bin/../libexec/gcc/:/home/Atlas500_DDK/toolchains/Euler_compile_env_cross/arm/cross_compile/install/bin/../lib64/gcc/aarch64-linux-gnu/7.3.0/../../../../aarch64-linux-gnu/bin/]
  ignore line: [LIBRARY_PATH=/home/Atlas500_DDK/toolchains/Euler_compile_env_cross/arm/cross_compile/install/bin/../lib64/gcc/aarch64-linux-gnu/7.3.0/:/home/Atlas500_DDK/toolchains/Euler_compile_env_cross/arm/cross_compile/install/bin/../lib64/gcc/:/home/Atlas500_DDK/toolchains/Euler_compile_env_cross/arm/cross_compile/install/bin/../lib64/gcc/aarch64-linux-gnu/7.3.0/../../../../aarch64-linux-gnu/lib/../lib64/:/home/Atlas500_DDK/toolchains/Euler_compile_env_cross/arm/cross_compile/install/sysroot/lib/../lib64/:/home/Atlas500_DDK/toolchains/Euler_compile_env_cross/arm/cross_compile/install/sysroot/usr/lib64/../lib64/:/home/Atlas500_DDK/toolchains/Euler_compile_env_cross/arm/cross_compile/install/bin/../lib64/gcc/aarch64-linux-gnu/7.3.0/../../../../aarch64-linux-gnu/lib/:/home/Atlas500_DDK/toolchains/Euler_compile_env_cross/arm/cross_compile/install/sysroot/lib/:/home/Atlas500_DDK/toolchains/Euler_compile_env_cross/arm/cross_compile/install/sysroot/usr/lib64/]
  ignore line: [COLLECT_GCC_OPTIONS='-v' '-rdynamic' '-o' 'cmTC_0b456' '-march=armv8-a' '-mlittle-endian' '-mabi=lp64' '-funwind-tables' '-fno-tree-coalesce-vars']
  link line: [ /home/Atlas500_DDK/toolchains/Euler_compile_env_cross/arm/cross_compile/install/bin/../libexec/gcc/aarch64-linux-gnu/7.3.0/collect2 -plugin /home/Atlas500_DDK/toolchains/Euler_compile_env_cross/arm/cross_compile/install/bin/../libexec/gcc/aarch64-linux-gnu/7.3.0/liblto_plugin.so -plugin-opt=/home/Atlas500_DDK/toolchains/Euler_compile_env_cross/arm/cross_compile/install/bin/../libexec/gcc/aarch64-linux-gnu/7.3.0/lto-wrapper -plugin-opt=-fresolution=/tmp/ccSha80e.res -plugin-opt=-pass-through=-lgcc -plugin-opt=-pass-through=-lgcc_s -plugin-opt=-pass-through=-lc -plugin-opt=-pass-through=-lgcc -plugin-opt=-pass-through=-lgcc_s --sysroot=/home/Atlas500_DDK/toolchains/Euler_compile_env_cross/arm/cross_compile/install/sysroot --eh-frame-hdr -export-dynamic -dynamic-linker /lib64/ld-linux-aarch64.so.1 -X -EL -maarch64linux --fix-cortex-a53-835769 --fix-cortex-a53-843419 -pie -o cmTC_0b456 /home/Atlas500_DDK/toolchains/Euler_compile_env_cross/arm/cross_compile/install/sysroot/lib/../lib64/Scrt1.o /home/Atlas500_DDK/toolchains/Euler_compile_env_cross/arm/cross_compile/install/sysroot/lib/../lib64/crti.o /home/Atlas500_DDK/toolchains/Euler_compile_env_cross/arm/cross_compile/install/bin/../lib64/gcc/aarch64-linux-gnu/7.3.0/crtbeginS.o -L/home/Atlas500_DDK/toolchains/Euler_compile_env_cross/arm/cross_compile/install/bin/../lib64/gcc/aarch64-linux-gnu/7.3.0 -L/home/Atlas500_DDK/toolchains/Euler_compile_env_cross/arm/cross_compile/install/bin/../lib64/gcc -L/home/Atlas500_DDK/toolchains/Euler_compile_env_cross/arm/cross_compile/install/bin/../lib64/gcc/aarch64-linux-gnu/7.3.0/../../../../aarch64-linux-gnu/lib/../lib64 -L/home/Atlas500_DDK/toolchains/Euler_compile_env_cross/arm/cross_compile/install/sysroot/lib/../lib64 -L/home/Atlas500_DDK/toolchains/Euler_compile_env_cross/arm/cross_compile/install/sysroot/usr/lib64/../lib64 -L/home/Atlas500_DDK/toolchains/Euler_compile_env_cross/arm/cross_compile/install/bin/../lib64/gcc/aarch64-linux-gnu/7.3.0/../../../../aarch64-linux-gnu/lib -L/home/Atlas500_DDK/toolchains/Euler_compile_env_cross/arm/cross_compile/install/sysroot/lib -L/home/Atlas500_DDK/toolchains/Euler_compile_env_cross/arm/cross_compile/install/sysroot/usr/lib64 CMakeFiles/cmTC_0b456.dir/CMakeCCompilerABI.c.o -lgcc --as-needed -lgcc_s --no-as-needed -lc -lgcc --as-needed -lgcc_s --no-as-needed /home/Atlas500_DDK/toolchains/Euler_compile_env_cross/arm/cross_compile/install/bin/../lib64/gcc/aarch64-linux-gnu/7.3.0/crtendS.o /home/Atlas500_DDK/toolchains/Euler_compile_env_cross/arm/cross_compile/install/sysroot/lib/../lib64/crtn.o]
    arg [/home/Atlas500_DDK/toolchains/Euler_compile_env_cross/arm/cross_compile/install/bin/../libexec/gcc/aarch64-linux-gnu/7.3.0/collect2] ==> ignore
    arg [-plugin] ==> ignore
    arg [/home/Atlas500_DDK/toolchains/Euler_compile_env_cross/arm/cross_compile/install/bin/../libexec/gcc/aarch64-linux-gnu/7.3.0/liblto_plugin.so] ==> ignore
    arg [-plugin-opt=/home/Atlas500_DDK/toolchains/Euler_compile_env_cross/arm/cross_compile/install/bin/../libexec/gcc/aarch64-linux-gnu/7.3.0/lto-wrapper] ==> ignore
    arg [-plugin-opt=-fresolution=/tmp/ccSha80e.res] ==> ignore
    arg [-plugin-opt=-pass-through=-lgcc] ==> ignore
    arg [-plugin-opt=-pass-through=-lgcc_s] ==> ignore
    arg [-plugin-opt=-pass-through=-lc] ==> ignore
    arg [-plugin-opt=-pass-through=-lgcc] ==> ignore
    arg [-plugin-opt=-pass-through=-lgcc_s] ==> ignore
    arg [--sysroot=/home/Atlas500_DDK/toolchains/Euler_compile_env_cross/arm/cross_compile/install/sysroot] ==> ignore
    arg [--eh-frame-hdr] ==> ignore
    arg [-export-dynamic] ==> ignore
    arg [-dynamic-linker] ==> ignore
    arg [/lib64/ld-linux-aarch64.so.1] ==> ignore
    arg [-X] ==> ignore
    arg [-EL] ==> ignore
    arg [-maarch64linux] ==> ignore
    arg [--fix-cortex-a53-835769] ==> ignore
    arg [--fix-cortex-a53-843419] ==> ignore
    arg [-pie] ==> ignore
    arg [-o] ==> ignore
    arg [cmTC_0b456] ==> ignore
    arg [/home/Atlas500_DDK/toolchains/Euler_compile_env_cross/arm/cross_compile/install/sysroot/lib/../lib64/Scrt1.o] ==> ignore
    arg [/home/Atlas500_DDK/toolchains/Euler_compile_env_cross/arm/cross_compile/install/sysroot/lib/../lib64/crti.o] ==> ignore
    arg [/home/Atlas500_DDK/toolchains/Euler_compile_env_cross/arm/cross_compile/install/bin/../lib64/gcc/aarch64-linux-gnu/7.3.0/crtbeginS.o] ==> ignore
    arg [-L/home/Atlas500_DDK/toolchains/Euler_compile_env_cross/arm/cross_compile/install/bin/../lib64/gcc/aarch64-linux-gnu/7.3.0] ==> dir [/home/Atlas500_DDK/toolchains/Euler_compile_env_cross/arm/cross_compile/install/bin/../lib64/gcc/aarch64-linux-gnu/7.3.0]
    arg [-L/home/Atlas500_DDK/toolchains/Euler_compile_env_cross/arm/cross_compile/install/bin/../lib64/gcc] ==> dir [/home/Atlas500_DDK/toolchains/Euler_compile_env_cross/arm/cross_compile/install/bin/../lib64/gcc]
    arg [-L/home/Atlas500_DDK/toolchains/Euler_compile_env_cross/arm/cross_compile/install/bin/../lib64/gcc/aarch64-linux-gnu/7.3.0/../../../../aarch64-linux-gnu/lib/../lib64] ==> dir [/home/Atlas500_DDK/toolchains/Euler_compile_env_cross/arm/cross_compile/install/bin/../lib64/gcc/aarch64-linux-gnu/7.3.0/../../../../aarch64-linux-gnu/lib/../lib64]
    arg [-L/home/Atlas500_DDK/toolchains/Euler_compile_env_cross/arm/cross_compile/install/sysroot/lib/../lib64] ==> dir [/home/Atlas500_DDK/toolchains/Euler_compile_env_cross/arm/cross_compile/install/sysroot/lib/../lib64]
    arg [-L/home/Atlas500_DDK/toolchains/Euler_compile_env_cross/arm/cross_compile/install/sysroot/usr/lib64/../lib64] ==> dir [/home/Atlas500_DDK/toolchains/Euler_compile_env_cross/arm/cross_compile/install/sysroot/usr/lib64/../lib64]
    arg [-L/home/Atlas500_DDK/toolchains/Euler_compile_env_cross/arm/cross_compile/install/bin/../lib64/gcc/aarch64-linux-gnu/7.3.0/../../../../aarch64-linux-gnu/lib] ==> dir [/home/Atlas500_DDK/toolchains/Euler_compile_env_cross/arm/cross_compile/install/bin/../lib64/gcc/aarch64-linux-gnu/7.3.0/../../../../aarch64-linux-gnu/lib]
    arg [-L/home/Atlas500_DDK/toolchains/Euler_compile_env_cross/arm/cross_compile/install/sysroot/lib] ==> dir [/home/Atlas500_DDK/toolchains/Euler_compile_env_cross/arm/cross_compile/install/sysroot/lib]
    arg [-L/home/Atlas500_DDK/toolchains/Euler_compile_env_cross/arm/cross_compile/install/sysroot/usr/lib64] ==> dir [/home/Atlas500_DDK/toolchains/Euler_compile_env_cross/arm/cross_compile/install/sysroot/usr/lib64]
    arg [CMakeFiles/cmTC_0b456.dir/CMakeCCompilerABI.c.o] ==> ignore
    arg [-lgcc] ==> lib [gcc]
    arg [--as-needed] ==> ignore
    arg [-lgcc_s] ==> lib [gcc_s]
    arg [--no-as-needed] ==> ignore
    arg [-lc] ==> lib [c]
    arg [-lgcc] ==> lib [gcc]
    arg [--as-needed] ==> ignore
    arg [-lgcc_s] ==> lib [gcc_s]
    arg [--no-as-needed] ==> ignore
    arg [/home/Atlas500_DDK/toolchains/Euler_compile_env_cross/arm/cross_compile/install/bin/../lib64/gcc/aarch64-linux-gnu/7.3.0/crtendS.o] ==> ignore
    arg [/home/Atlas500_DDK/toolchains/Euler_compile_env_cross/arm/cross_compile/install/sysroot/lib/../lib64/crtn.o] ==> ignore
  collapse library dir [/home/Atlas500_DDK/toolchains/Euler_compile_env_cross/arm/cross_compile/install/bin/../lib64/gcc/aarch64-linux-gnu/7.3.0] ==> [/home/Atlas500_DDK/toolchains/Euler_compile_env_cross/arm/cross_compile/install/lib64/gcc/aarch64-linux-gnu/7.3.0]
  collapse library dir [/home/Atlas500_DDK/toolchains/Euler_compile_env_cross/arm/cross_compile/install/bin/../lib64/gcc] ==> [/home/Atlas500_DDK/toolchains/Euler_compile_env_cross/arm/cross_compile/install/lib64/gcc]
  collapse library dir [/home/Atlas500_DDK/toolchains/Euler_compile_env_cross/arm/cross_compile/install/bin/../lib64/gcc/aarch64-linux-gnu/7.3.0/../../../../aarch64-linux-gnu/lib/../lib64] ==> [/home/Atlas500_DDK/toolchains/Euler_compile_env_cross/arm/cross_compile/install/aarch64-linux-gnu/lib64]
  collapse library dir [/home/Atlas500_DDK/toolchains/Euler_compile_env_cross/arm/cross_compile/install/sysroot/lib/../lib64] ==> [/home/Atlas500_DDK/toolchains/Euler_compile_env_cross/arm/cross_compile/install/sysroot/lib64]
  collapse library dir [/home/Atlas500_DDK/toolchains/Euler_compile_env_cross/arm/cross_compile/install/sysroot/usr/lib64/../lib64] ==> [/home/Atlas500_DDK/toolchains/Euler_compile_env_cross/arm/cross_compile/install/sysroot/usr/lib64]
  collapse library dir [/home/Atlas500_DDK/toolchains/Euler_compile_env_cross/arm/cross_compile/install/bin/../lib64/gcc/aarch64-linux-gnu/7.3.0/../../../../aarch64-linux-gnu/lib] ==> [/home/Atlas500_DDK/toolchains/Euler_compile_env_cross/arm/cross_compile/install/aarch64-linux-gnu/lib]
  collapse library dir [/home/Atlas500_DDK/toolchains/Euler_compile_env_cross/arm/cross_compile/install/sysroot/lib] ==> [/home/Atlas500_DDK/toolchains/Euler_compile_env_cross/arm/cross_compile/install/sysroot/lib]
  collapse library dir [/home/Atlas500_DDK/toolchains/Euler_compile_env_cross/arm/cross_compile/install/sysroot/usr/lib64] ==> [/home/Atlas500_DDK/toolchains/Euler_compile_env_cross/arm/cross_compile/install/sysroot/usr/lib64]
  implicit libs: [gcc;gcc_s;c;gcc;gcc_s]
  implicit dirs: [/home/Atlas500_DDK/toolchains/Euler_compile_env_cross/arm/cross_compile/install/lib64/gcc/aarch64-linux-gnu/7.3.0;/home/Atlas500_DDK/toolchains/Euler_compile_env_cross/arm/cross_compile/install/lib64/gcc;/home/Atlas500_DDK/toolchains/Euler_compile_env_cross/arm/cross_compile/install/aarch64-linux-gnu/lib64;/home/Atlas500_DDK/toolchains/Euler_compile_env_cross/arm/cross_compile/install/sysroot/lib64;/home/Atlas500_DDK/toolchains/Euler_compile_env_cross/arm/cross_compile/install/sysroot/usr/lib64;/home/Atlas500_DDK/toolchains/Euler_compile_env_cross/arm/cross_compile/install/aarch64-linux-gnu/lib;/home/Atlas500_DDK/toolchains/Euler_compile_env_cross/arm/cross_compile/install/sysroot/lib]
  implicit fwks: []


Determining if the CXX compiler works passed with the following output:
Change Dir: /mnt/hgfs/vmshare/code/IPGC_test/CMakeFiles/CMakeTmp

Run Build Command(s):/usr/bin/make cmTC_7faf7/fast && /usr/bin/make -f CMakeFiles/cmTC_7faf7.dir/build.make CMakeFiles/cmTC_7faf7.dir/build
make[1]: 进入目录“/mnt/hgfs/vmshare/code/IPGC_test/CMakeFiles/CMakeTmp”
Building CXX object CMakeFiles/cmTC_7faf7.dir/testCXXCompiler.cxx.o
/home/Atlas500_DDK/toolchains/Euler_compile_env_cross/arm/cross_compile/install/bin/aarch64-linux-gnu-g++ --sysroot=/home/Atlas500_DDK/toolchains/Euler_compile_env_cross/arm/cross_compile/install/sysroot     -o CMakeFiles/cmTC_7faf7.dir/testCXXCompiler.cxx.o -c /mnt/hgfs/vmshare/code/IPGC_test/CMakeFiles/CMakeTmp/testCXXCompiler.cxx
Linking CXX executable cmTC_7faf7
/usr/bin/cmake -E cmake_link_script CMakeFiles/cmTC_7faf7.dir/link.txt --verbose=1
/home/Atlas500_DDK/toolchains/Euler_compile_env_cross/arm/cross_compile/install/bin/aarch64-linux-gnu-g++ --sysroot=/home/Atlas500_DDK/toolchains/Euler_compile_env_cross/arm/cross_compile/install/sysroot       -rdynamic CMakeFiles/cmTC_7faf7.dir/testCXXCompiler.cxx.o  -o cmTC_7faf7 
make[1]: 离开目录“/mnt/hgfs/vmshare/code/IPGC_test/CMakeFiles/CMakeTmp”



Detecting CXX compiler ABI info compiled with the following output:
Change Dir: /mnt/hgfs/vmshare/code/IPGC_test/CMakeFiles/CMakeTmp

Run Build Command(s):/usr/bin/make cmTC_b9574/fast && make: Warning: File 'Makefile' has modification time 0.003 s in the future
/usr/bin/make -f CMakeFiles/cmTC_b9574.dir/build.make CMakeFiles/cmTC_b9574.dir/build
make[1]: Entering directory '/mnt/hgfs/vmshare/code/IPGC_test/CMakeFiles/CMakeTmp'
Building CXX object CMakeFiles/cmTC_b9574.dir/CMakeCXXCompilerABI.cpp.o
/home/Atlas500_DDK/toolchains/Euler_compile_env_cross/arm/cross_compile/install/bin/aarch64-linux-gnu-g++ --sysroot=/home/Atlas500_DDK/toolchains/Euler_compile_env_cross/arm/cross_compile/install/sysroot    -v -o CMakeFiles/cmTC_b9574.dir/CMakeCXXCompilerABI.cpp.o -c /usr/share/cmake-3.16/Modules/CMakeCXXCompilerABI.cpp
Using built-in specs.
COLLECT_GCC=/home/Atlas500_DDK/toolchains/Euler_compile_env_cross/arm/cross_compile/install/bin/aarch64-linux-gnu-g++
Target: aarch64-linux-gnu
Configured with: /usr1/compiler_cpu/code/current/build/hcc_arm64le_1620/../../open_source/hcc_arm64le_1620_build_src/gcc-7.3.0/configure --build=x86_64-pc-linux-gnu --host=x86_64-pc-linux-gnu --target=aarch64-linux-gnu --with-arch=armv8-a --prefix=/usr1/compiler_cpu/code/current/build/hcc_arm64le_1620/1620_build_dir/hcc_arm64le_1620 --disable-multilib --with-specs='%{!fno-unwind-tables:-funwind-tables} %{!ftree-coalesce-vars:-fno-tree-coalesce-vars}' --enable-__cxa_atexit --with-gnu-as --with-gnu-ld --disable-libmudflap --enable-libgomp --enable-libssp --enable-threads --enable-plugin --enable-c99 --enable-long-long --disable-nls --enable-shared --enable-poison-system-directories --enable-symvers=gnu --with-pkgversion='Compiler CPU V200R005C00SPC030B003' --enable-languages=c,c++ --with-headers=/usr1/compiler_cpu/code/current/build/hcc_arm64le_1620/1620_build_dir/hcc_arm64le_1620/sysroot/usr/include --with-sysroot=/usr1/compiler_cpu/code/current/build/hcc_arm64le_1620/1620_build_dir/hcc_arm64le_1620/sysroot --with-build-sysroot=/usr1/compiler_cpu/code/current/build/hcc_arm64le_1620/1620_build_dir/hcc_arm64le_1620/sysroot --with-gmp=/usr1/compiler_cpu/code/current/build/hcc_arm64le_1620/1620_build_dir/hcc_arm64le_1620 --with-mpfr=/usr1/compiler_cpu/code/current/build/hcc_arm64le_1620/1620_build_dir/hcc_arm64le_1620 --with-mpc=/usr1/compiler_cpu/code/current/build/hcc_arm64le_1620/1620_build_dir/hcc_arm64le_1620 --with-isl=/usr1/compiler_cpu/code/current/build/hcc_arm64le_1620/1620_build_dir/hcc_arm64le_1620 --with-build-time-tools=/usr1/compiler_cpu/code/current/build/hcc_arm64le_1620/1620_build_dir/hcc_arm64le_1620/aarch64-linux-gnu/bin --libdir=/usr1/compiler_cpu/code/current/build/hcc_arm64le_1620/1620_build_dir/hcc_arm64le_1620/lib64 --disable-bootstrap --enable-fix-cortex-a53-835769 --enable-fix-cortex-a53-843419 --disable-libcilkrts --disable-libstdcxx-dual-abi --enable-default-pie --with-system-zlib
Thread model: posix
gcc version 7.3.0 (Compiler CPU V200R005C00SPC030B003) 
COLLECT_GCC_OPTIONS='-v' '-o' 'CMakeFiles/cmTC_b9574.dir/CMakeCXXCompilerABI.cpp.o' '-c' '-shared-libgcc' '-march=armv8-a' '-mlittle-endian' '-mabi=lp64' '-funwind-tables' '-fno-tree-coalesce-vars'
 /home/Atlas500_DDK/toolchains/Euler_compile_env_cross/arm/cross_compile/install/bin/../libexec/gcc/aarch64-linux-gnu/7.3.0/cc1plus -quiet -v -iprefix /home/Atlas500_DDK/toolchains/Euler_compile_env_cross/arm/cross_compile/install/bin/../lib64/gcc/aarch64-linux-gnu/7.3.0/ -isysroot /home/Atlas500_DDK/toolchains/Euler_compile_env_cross/arm/cross_compile/install/sysroot -D_GNU_SOURCE /usr/share/cmake-3.16/Modules/CMakeCXXCompilerABI.cpp -quiet -dumpbase CMakeCXXCompilerABI.cpp -march=armv8-a -mlittle-endian -mabi=lp64 -auxbase-strip CMakeFiles/cmTC_b9574.dir/CMakeCXXCompilerABI.cpp.o -version -funwind-tables -fno-tree-coalesce-vars -o /tmp/cct6KowR.s
GNU C++14 (Compiler CPU V200R005C00SPC030B003) version 7.3.0 (aarch64-linux-gnu)
	compiled by GNU C version 7.3.0, GMP version 6.1.2, MPFR version 4.0.2, MPC version 1.1.0, isl version isl-0.21-GMP

GGC heuristics: --param ggc-min-expand=100 --param ggc-min-heapsize=131072
ignoring duplicate directory "/home/Atlas500_DDK/toolchains/Euler_compile_env_cross/arm/cross_compile/install/bin/../lib64/gcc/../../lib64/gcc/aarch64-linux-gnu/7.3.0/../../../../aarch64-linux-gnu/include/c++/7.3.0"
ignoring duplicate directory "/home/Atlas500_DDK/toolchains/Euler_compile_env_cross/arm/cross_compile/install/bin/../lib64/gcc/../../lib64/gcc/aarch64-linux-gnu/7.3.0/../../../../aarch64-linux-gnu/include/c++/7.3.0/aarch64-linux-gnu"
ignoring duplicate directory "/home/Atlas500_DDK/toolchains/Euler_compile_env_cross/arm/cross_compile/install/bin/../lib64/gcc/../../lib64/gcc/aarch64-linux-gnu/7.3.0/../../../../aarch64-linux-gnu/include/c++/7.3.0/backward"
ignoring duplicate directory "/home/Atlas500_DDK/toolchains/Euler_compile_env_cross/arm/cross_compile/install/bin/../lib64/gcc/../../lib64/gcc/aarch64-linux-gnu/7.3.0/include"
ignoring duplicate directory "/home/Atlas500_DDK/toolchains/Euler_compile_env_cross/arm/cross_compile/install/bin/../lib64/gcc/../../lib64/gcc/aarch64-linux-gnu/7.3.0/include-fixed"
ignoring duplicate directory "/home/Atlas500_DDK/toolchains/Euler_compile_env_cross/arm/cross_compile/install/bin/../lib64/gcc/../../lib64/gcc/aarch64-linux-gnu/7.3.0/../../../../aarch64-linux-gnu/include"
#include "..." search starts here:
#include <...> search starts here:
 /home/Atlas500_DDK/toolchains/Euler_compile_env_cross/arm/cross_compile/install/bin/../lib64/gcc/aarch64-linux-gnu/7.3.0/../../../../aarch64-linux-gnu/include/c++/7.3.0
 /home/Atlas500_DDK/toolchains/Euler_compile_env_cross/arm/cross_compile/install/bin/../lib64/gcc/aarch64-linux-gnu/7.3.0/../../../../aarch64-linux-gnu/include/c++/7.3.0/aarch64-linux-gnu
 /home/Atlas500_DDK/toolchains/Euler_compile_env_cross/arm/cross_compile/install/bin/../lib64/gcc/aarch64-linux-gnu/7.3.0/../../../../aarch64-linux-gnu/include/c++/7.3.0/backward
 /home/Atlas500_DDK/toolchains/Euler_compile_env_cross/arm/cross_compile/install/bin/../lib64/gcc/aarch64-linux-gnu/7.3.0/include
 /home/Atlas500_DDK/toolchains/Euler_compile_env_cross/arm/cross_compile/install/bin/../lib64/gcc/aarch64-linux-gnu/7.3.0/include-fixed
 /home/Atlas500_DDK/toolchains/Euler_compile_env_cross/arm/cross_compile/install/bin/../lib64/gcc/aarch64-linux-gnu/7.3.0/../../../../aarch64-linux-gnu/include
 /home/Atlas500_DDK/toolchains/Euler_compile_env_cross/arm/cross_compile/install/sysroot/usr/local/include
 /home/Atlas500_DDK/toolchains/Euler_compile_env_cross/arm/cross_compile/install/sysroot/usr/include
End of search list.
GNU C++14 (Compiler CPU V200R005C00SPC030B003) version 7.3.0 (aarch64-linux-gnu)
	compiled by GNU C version 7.3.0, GMP version 6.1.2, MPFR version 4.0.2, MPC version 1.1.0, isl version isl-0.21-GMP

GGC heuristics: --param ggc-min-expand=100 --param ggc-min-heapsize=131072
Compiler executable checksum: ecd0750e24f6ef06510b24fec8bac275
COLLECT_GCC_OPTIONS='-v' '-o' 'CMakeFiles/cmTC_b9574.dir/CMakeCXXCompilerABI.cpp.o' '-c' '-shared-libgcc' '-march=armv8-a' '-mlittle-endian' '-mabi=lp64' '-funwind-tables' '-fno-tree-coalesce-vars'
 /home/Atlas500_DDK/toolchains/Euler_compile_env_cross/arm/cross_compile/install/bin/../lib64/gcc/aarch64-linux-gnu/7.3.0/../../../../aarch64-linux-gnu/bin/as -v -EL -march=armv8-a -mabi=lp64 -o CMakeFiles/cmTC_b9574.dir/CMakeCXXCompilerABI.cpp.o /tmp/cct6KowR.s
GNU assembler version 2.31.1 (aarch64-linux-gnu) using BFD version (Compiler CPU V200R005C00SPC030B003) 2.31.1
COMPILER_PATH=/home/Atlas500_DDK/toolchains/Euler_compile_env_cross/arm/cross_compile/install/bin/../libexec/gcc/aarch64-linux-gnu/7.3.0/:/home/Atlas500_DDK/toolchains/Euler_compile_env_cross/arm/cross_compile/install/bin/../libexec/gcc/:/home/Atlas500_DDK/toolchains/Euler_compile_env_cross/arm/cross_compile/install/bin/../lib64/gcc/aarch64-linux-gnu/7.3.0/../../../../aarch64-linux-gnu/bin/
LIBRARY_PATH=/home/Atlas500_DDK/toolchains/Euler_compile_env_cross/arm/cross_compile/install/bin/../lib64/gcc/aarch64-linux-gnu/7.3.0/:/home/Atlas500_DDK/toolchains/Euler_compile_env_cross/arm/cross_compile/install/bin/../lib64/gcc/:/home/Atlas500_DDK/toolchains/Euler_compile_env_cross/arm/cross_compile/install/bin/../lib64/gcc/aarch64-linux-gnu/7.3.0/../../../../aarch64-linux-gnu/lib/../lib64/:/home/Atlas500_DDK/toolchains/Euler_compile_env_cross/arm/cross_compile/install/sysroot/lib/../lib64/:/home/Atlas500_DDK/toolchains/Euler_compile_env_cross/arm/cross_compile/install/sysroot/usr/lib64/../lib64/:/home/Atlas500_DDK/toolchains/Euler_compile_env_cross/arm/cross_compile/install/bin/../lib64/gcc/aarch64-linux-gnu/7.3.0/../../../../aarch64-linux-gnu/lib/:/home/Atlas500_DDK/toolchains/Euler_compile_env_cross/arm/cross_compile/install/sysroot/lib/:/home/Atlas500_DDK/toolchains/Euler_compile_env_cross/arm/cross_compile/install/sysroot/usr/lib64/
COLLECT_GCC_OPTIONS='-v' '-o' 'CMakeFiles/cmTC_b9574.dir/CMakeCXXCompilerABI.cpp.o' '-c' '-shared-libgcc' '-march=armv8-a' '-mlittle-endian' '-mabi=lp64' '-funwind-tables' '-fno-tree-coalesce-vars'
Linking CXX executable cmTC_b9574
/usr/bin/cmake -E cmake_link_script CMakeFiles/cmTC_b9574.dir/link.txt --verbose=1
/home/Atlas500_DDK/toolchains/Euler_compile_env_cross/arm/cross_compile/install/bin/aarch64-linux-gnu-g++ --sysroot=/home/Atlas500_DDK/toolchains/Euler_compile_env_cross/arm/cross_compile/install/sysroot      -v -rdynamic CMakeFiles/cmTC_b9574.dir/CMakeCXXCompilerABI.cpp.o  -o cmTC_b9574 
Using built-in specs.
COLLECT_GCC=/home/Atlas500_DDK/toolchains/Euler_compile_env_cross/arm/cross_compile/install/bin/aarch64-linux-gnu-g++
COLLECT_LTO_WRAPPER=/home/Atlas500_DDK/toolchains/Euler_compile_env_cross/arm/cross_compile/install/bin/../libexec/gcc/aarch64-linux-gnu/7.3.0/lto-wrapper
Target: aarch64-linux-gnu
Configured with: /usr1/compiler_cpu/code/current/build/hcc_arm64le_1620/../../open_source/hcc_arm64le_1620_build_src/gcc-7.3.0/configure --build=x86_64-pc-linux-gnu --host=x86_64-pc-linux-gnu --target=aarch64-linux-gnu --with-arch=armv8-a --prefix=/usr1/compiler_cpu/code/current/build/hcc_arm64le_1620/1620_build_dir/hcc_arm64le_1620 --disable-multilib --with-specs='%{!fno-unwind-tables:-funwind-tables} %{!ftree-coalesce-vars:-fno-tree-coalesce-vars}' --enable-__cxa_atexit --with-gnu-as --with-gnu-ld --disable-libmudflap --enable-libgomp --enable-libssp --enable-threads --enable-plugin --enable-c99 --enable-long-long --disable-nls --enable-shared --enable-poison-system-directories --enable-symvers=gnu --with-pkgversion='Compiler CPU V200R005C00SPC030B003' --enable-languages=c,c++ --with-headers=/usr1/compiler_cpu/code/current/build/hcc_arm64le_1620/1620_build_dir/hcc_arm64le_1620/sysroot/usr/include --with-sysroot=/usr1/compiler_cpu/code/current/build/hcc_arm64le_1620/1620_build_dir/hcc_arm64le_1620/sysroot --with-build-sysroot=/usr1/compiler_cpu/code/current/build/hcc_arm64le_1620/1620_build_dir/hcc_arm64le_1620/sysroot --with-gmp=/usr1/compiler_cpu/code/current/build/hcc_arm64le_1620/1620_build_dir/hcc_arm64le_1620 --with-mpfr=/usr1/compiler_cpu/code/current/build/hcc_arm64le_1620/1620_build_dir/hcc_arm64le_1620 --with-mpc=/usr1/compiler_cpu/code/current/build/hcc_arm64le_1620/1620_build_dir/hcc_arm64le_1620 --with-isl=/usr1/compiler_cpu/code/current/build/hcc_arm64le_1620/1620_build_dir/hcc_arm64le_1620 --with-build-time-tools=/usr1/compiler_cpu/code/current/build/hcc_arm64le_1620/1620_build_dir/hcc_arm64le_1620/aarch64-linux-gnu/bin --libdir=/usr1/compiler_cpu/code/current/build/hcc_arm64le_1620/1620_build_dir/hcc_arm64le_1620/lib64 --disable-bootstrap --enable-fix-cortex-a53-835769 --enable-fix-cortex-a53-843419 --disable-libcilkrts --disable-libstdcxx-dual-abi --enable-default-pie --with-system-zlib
Thread model: posix
gcc version 7.3.0 (Compiler CPU V200R005C00SPC030B003) 
COMPILER_PATH=/home/Atlas500_DDK/toolchains/Euler_compile_env_cross/arm/cross_compile/install/bin/../libexec/gcc/aarch64-linux-gnu/7.3.0/:/home/Atlas500_DDK/toolchains/Euler_compile_env_cross/arm/cross_compile/install/bin/../libexec/gcc/:/home/Atlas500_DDK/toolchains/Euler_compile_env_cross/arm/cross_compile/install/bin/../lib64/gcc/aarch64-linux-gnu/7.3.0/../../../../aarch64-linux-gnu/bin/
LIBRARY_PATH=/home/Atlas500_DDK/toolchains/Euler_compile_env_cross/arm/cross_compile/install/bin/../lib64/gcc/aarch64-linux-gnu/7.3.0/:/home/Atlas500_DDK/toolchains/Euler_compile_env_cross/arm/cross_compile/install/bin/../lib64/gcc/:/home/Atlas500_DDK/toolchains/Euler_compile_env_cross/arm/cross_compile/install/bin/../lib64/gcc/aarch64-linux-gnu/7.3.0/../../../../aarch64-linux-gnu/lib/../lib64/:/home/Atlas500_DDK/toolchains/Euler_compile_env_cross/arm/cross_compile/install/sysroot/lib/../lib64/:/home/Atlas500_DDK/toolchains/Euler_compile_env_cross/arm/cross_compile/install/sysroot/usr/lib64/../lib64/:/home/Atlas500_DDK/toolchains/Euler_compile_env_cross/arm/cross_compile/install/bin/../lib64/gcc/aarch64-linux-gnu/7.3.0/../../../../aarch64-linux-gnu/lib/:/home/Atlas500_DDK/toolchains/Euler_compile_env_cross/arm/cross_compile/install/sysroot/lib/:/home/Atlas500_DDK/toolchains/Euler_compile_env_cross/arm/cross_compile/install/sysroot/usr/lib64/
COLLECT_GCC_OPTIONS='-v' '-rdynamic' '-o' 'cmTC_b9574' '-shared-libgcc' '-march=armv8-a' '-mlittle-endian' '-mabi=lp64' '-funwind-tables' '-fno-tree-coalesce-vars'
 /home/Atlas500_DDK/toolchains/Euler_compile_env_cross/arm/cross_compile/install/bin/../libexec/gcc/aarch64-linux-gnu/7.3.0/collect2 -plugin /home/Atlas500_DDK/toolchains/Euler_compile_env_cross/arm/cross_compile/install/bin/../libexec/gcc/aarch64-linux-gnu/7.3.0/liblto_plugin.so -plugin-opt=/home/Atlas500_DDK/toolchains/Euler_compile_env_cross/arm/cross_compile/install/bin/../libexec/gcc/aarch64-linux-gnu/7.3.0/lto-wrapper -plugin-opt=-fresolution=/tmp/ccU9oiKi.res -plugin-opt=-pass-through=-lgcc_s -plugin-opt=-pass-through=-lgcc -plugin-opt=-pass-through=-lc -plugin-opt=-pass-through=-lgcc_s -plugin-opt=-pass-through=-lgcc --sysroot=/home/Atlas500_DDK/toolchains/Euler_compile_env_cross/arm/cross_compile/install/sysroot --eh-frame-hdr -export-dynamic -dynamic-linker /lib64/ld-linux-aarch64.so.1 -X -EL -maarch64linux --fix-cortex-a53-835769 --fix-cortex-a53-843419 -pie -o cmTC_b9574 /home/Atlas500_DDK/toolchains/Euler_compile_env_cross/arm/cross_compile/install/sysroot/lib/../lib64/Scrt1.o /home/Atlas500_DDK/toolchains/Euler_compile_env_cross/arm/cross_compile/install/sysroot/lib/../lib64/crti.o /home/Atlas500_DDK/toolchains/Euler_compile_env_cross/arm/cross_compile/install/bin/../lib64/gcc/aarch64-linux-gnu/7.3.0/crtbeginS.o -L/home/Atlas500_DDK/toolchains/Euler_compile_env_cross/arm/cross_compile/install/bin/../lib64/gcc/aarch64-linux-gnu/7.3.0 -L/home/Atlas500_DDK/toolchains/Euler_compile_env_cross/arm/cross_compile/install/bin/../lib64/gcc -L/home/Atlas500_DDK/toolchains/Euler_compile_env_cross/arm/cross_compile/install/bin/../lib64/gcc/aarch64-linux-gnu/7.3.0/../../../../aarch64-linux-gnu/lib/../lib64 -L/home/Atlas500_DDK/toolchains/Euler_compile_env_cross/arm/cross_compile/install/sysroot/lib/../lib64 -L/home/Atlas500_DDK/toolchains/Euler_compile_env_cross/arm/cross_compile/install/sysroot/usr/lib64/../lib64 -L/home/Atlas500_DDK/toolchains/Euler_compile_env_cross/arm/cross_compile/install/bin/../lib64/gcc/aarch64-linux-gnu/7.3.0/../../../../aarch64-linux-gnu/lib -L/home/Atlas500_DDK/toolchains/Euler_compile_env_cross/arm/cross_compile/install/sysroot/lib -L/home/Atlas500_DDK/toolchains/Euler_compile_env_cross/arm/cross_compile/install/sysroot/usr/lib64 CMakeFiles/cmTC_b9574.dir/CMakeCXXCompilerABI.cpp.o -lstdc++ -lm -lgcc_s -lgcc -lc -lgcc_s -lgcc /home/Atlas500_DDK/toolchains/Euler_compile_env_cross/arm/cross_compile/install/bin/../lib64/gcc/aarch64-linux-gnu/7.3.0/crtendS.o /home/Atlas500_DDK/toolchains/Euler_compile_env_cross/arm/cross_compile/install/sysroot/lib/../lib64/crtn.o
COLLECT_GCC_OPTIONS='-v' '-rdynamic' '-o' 'cmTC_b9574' '-shared-libgcc' '-march=armv8-a' '-mlittle-endian' '-mabi=lp64' '-funwind-tables' '-fno-tree-coalesce-vars'
make[1]: Leaving directory '/mnt/hgfs/vmshare/code/IPGC_test/CMakeFiles/CMakeTmp'
make: warning:  Clock skew detected.  Your build may be incomplete.



Parsed CXX implicit include dir info from above output: rv=done
  found start of include info
  found start of implicit include info
    add: [/home/Atlas500_DDK/toolchains/Euler_compile_env_cross/arm/cross_compile/install/bin/../lib64/gcc/aarch64-linux-gnu/7.3.0/../../../../aarch64-linux-gnu/include/c++/7.3.0]
    add: [/home/Atlas500_DDK/toolchains/Euler_compile_env_cross/arm/cross_compile/install/bin/../lib64/gcc/aarch64-linux-gnu/7.3.0/../../../../aarch64-linux-gnu/include/c++/7.3.0/aarch64-linux-gnu]
    add: [/home/Atlas500_DDK/toolchains/Euler_compile_env_cross/arm/cross_compile/install/bin/../lib64/gcc/aarch64-linux-gnu/7.3.0/../../../../aarch64-linux-gnu/include/c++/7.3.0/backward]
    add: [/home/Atlas500_DDK/toolchains/Euler_compile_env_cross/arm/cross_compile/install/bin/../lib64/gcc/aarch64-linux-gnu/7.3.0/include]
    add: [/home/Atlas500_DDK/toolchains/Euler_compile_env_cross/arm/cross_compile/install/bin/../lib64/gcc/aarch64-linux-gnu/7.3.0/include-fixed]
    add: [/home/Atlas500_DDK/toolchains/Euler_compile_env_cross/arm/cross_compile/install/bin/../lib64/gcc/aarch64-linux-gnu/7.3.0/../../../../aarch64-linux-gnu/include]
    add: [/home/Atlas500_DDK/toolchains/Euler_compile_env_cross/arm/cross_compile/install/sysroot/usr/local/include]
    add: [/home/Atlas500_DDK/toolchains/Euler_compile_env_cross/arm/cross_compile/install/sysroot/usr/include]
  end of search list found
  collapse include dir [/home/Atlas500_DDK/toolchains/Euler_compile_env_cross/arm/cross_compile/install/bin/../lib64/gcc/aarch64-linux-gnu/7.3.0/../../../../aarch64-linux-gnu/include/c++/7.3.0] ==> [/home/Atlas500_DDK/toolchains/Euler_compile_env_cross/arm/cross_compile/install/aarch64-linux-gnu/include/c++/7.3.0]
  collapse include dir [/home/Atlas500_DDK/toolchains/Euler_compile_env_cross/arm/cross_compile/install/bin/../lib64/gcc/aarch64-linux-gnu/7.3.0/../../../../aarch64-linux-gnu/include/c++/7.3.0/aarch64-linux-gnu] ==> [/home/Atlas500_DDK/toolchains/Euler_compile_env_cross/arm/cross_compile/install/aarch64-linux-gnu/include/c++/7.3.0/aarch64-linux-gnu]
  collapse include dir [/home/Atlas500_DDK/toolchains/Euler_compile_env_cross/arm/cross_compile/install/bin/../lib64/gcc/aarch64-linux-gnu/7.3.0/../../../../aarch64-linux-gnu/include/c++/7.3.0/backward] ==> [/home/Atlas500_DDK/toolchains/Euler_compile_env_cross/arm/cross_compile/install/aarch64-linux-gnu/include/c++/7.3.0/backward]
  collapse include dir [/home/Atlas500_DDK/toolchains/Euler_compile_env_cross/arm/cross_compile/install/bin/../lib64/gcc/aarch64-linux-gnu/7.3.0/include] ==> [/home/Atlas500_DDK/toolchains/Euler_compile_env_cross/arm/cross_compile/install/lib64/gcc/aarch64-linux-gnu/7.3.0/include]
  collapse include dir [/home/Atlas500_DDK/toolchains/Euler_compile_env_cross/arm/cross_compile/install/bin/../lib64/gcc/aarch64-linux-gnu/7.3.0/include-fixed] ==> [/home/Atlas500_DDK/toolchains/Euler_compile_env_cross/arm/cross_compile/install/lib64/gcc/aarch64-linux-gnu/7.3.0/include-fixed]
  collapse include dir [/home/Atlas500_DDK/toolchains/Euler_compile_env_cross/arm/cross_compile/install/bin/../lib64/gcc/aarch64-linux-gnu/7.3.0/../../../../aarch64-linux-gnu/include] ==> [/home/Atlas500_DDK/toolchains/Euler_compile_env_cross/arm/cross_compile/install/aarch64-linux-gnu/include]
  collapse include dir [/home/Atlas500_DDK/toolchains/Euler_compile_env_cross/arm/cross_compile/install/sysroot/usr/local/include] ==> [/home/Atlas500_DDK/toolchains/Euler_compile_env_cross/arm/cross_compile/install/sysroot/usr/local/include]
  collapse include dir [/home/Atlas500_DDK/toolchains/Euler_compile_env_cross/arm/cross_compile/install/sysroot/usr/include] ==> [/home/Atlas500_DDK/toolchains/Euler_compile_env_cross/arm/cross_compile/install/sysroot/usr/include]
  implicit include dirs: [/home/Atlas500_DDK/toolchains/Euler_compile_env_cross/arm/cross_compile/install/aarch64-linux-gnu/include/c++/7.3.0;/home/Atlas500_DDK/toolchains/Euler_compile_env_cross/arm/cross_compile/install/aarch64-linux-gnu/include/c++/7.3.0/aarch64-linux-gnu;/home/Atlas500_DDK/toolchains/Euler_compile_env_cross/arm/cross_compile/install/aarch64-linux-gnu/include/c++/7.3.0/backward;/home/Atlas500_DDK/toolchains/Euler_compile_env_cross/arm/cross_compile/install/lib64/gcc/aarch64-linux-gnu/7.3.0/include;/home/Atlas500_DDK/toolchains/Euler_compile_env_cross/arm/cross_compile/install/lib64/gcc/aarch64-linux-gnu/7.3.0/include-fixed;/home/Atlas500_DDK/toolchains/Euler_compile_env_cross/arm/cross_compile/install/aarch64-linux-gnu/include;/home/Atlas500_DDK/toolchains/Euler_compile_env_cross/arm/cross_compile/install/sysroot/usr/local/include;/home/Atlas500_DDK/toolchains/Euler_compile_env_cross/arm/cross_compile/install/sysroot/usr/include]


Parsed CXX implicit link information from above output:
  link line regex: [^( *|.*[/\])(aarch64-linux-gnu-ld|CMAKE_LINK_STARTFILE-NOTFOUND|([^/\]+-)?ld|collect2)[^/\]*( |$)]
  ignore line: [Change Dir: /mnt/hgfs/vmshare/code/IPGC_test/CMakeFiles/CMakeTmp]
  ignore line: []
  ignore line: [Run Build Command(s):/usr/bin/make cmTC_b9574/fast && make: Warning: File 'Makefile' has modification time 0.003 s in the future]
  ignore line: [/usr/bin/make -f CMakeFiles/cmTC_b9574.dir/build.make CMakeFiles/cmTC_b9574.dir/build]
  ignore line: [make[1]: Entering directory '/mnt/hgfs/vmshare/code/IPGC_test/CMakeFiles/CMakeTmp']
  ignore line: [Building CXX object CMakeFiles/cmTC_b9574.dir/CMakeCXXCompilerABI.cpp.o]
  ignore line: [/home/Atlas500_DDK/toolchains/Euler_compile_env_cross/arm/cross_compile/install/bin/aarch64-linux-gnu-g++ --sysroot=/home/Atlas500_DDK/toolchains/Euler_compile_env_cross/arm/cross_compile/install/sysroot    -v -o CMakeFiles/cmTC_b9574.dir/CMakeCXXCompilerABI.cpp.o -c /usr/share/cmake-3.16/Modules/CMakeCXXCompilerABI.cpp]
  ignore line: [Using built-in specs.]
  ignore line: [COLLECT_GCC=/home/Atlas500_DDK/toolchains/Euler_compile_env_cross/arm/cross_compile/install/bin/aarch64-linux-gnu-g++]
  ignore line: [Target: aarch64-linux-gnu]
  ignore line: [Configured with: /usr1/compiler_cpu/code/current/build/hcc_arm64le_1620/../../open_source/hcc_arm64le_1620_build_src/gcc-7.3.0/configure --build=x86_64-pc-linux-gnu --host=x86_64-pc-linux-gnu --target=aarch64-linux-gnu --with-arch=armv8-a --prefix=/usr1/compiler_cpu/code/current/build/hcc_arm64le_1620/1620_build_dir/hcc_arm64le_1620 --disable-multilib --with-specs='%{!fno-unwind-tables:-funwind-tables} %{!ftree-coalesce-vars:-fno-tree-coalesce-vars}' --enable-__cxa_atexit --with-gnu-as --with-gnu-ld --disable-libmudflap --enable-libgomp --enable-libssp --enable-threads --enable-plugin --enable-c99 --enable-long-long --disable-nls --enable-shared --enable-poison-system-directories --enable-symvers=gnu --with-pkgversion='Compiler CPU V200R005C00SPC030B003' --enable-languages=c,c++ --with-headers=/usr1/compiler_cpu/code/current/build/hcc_arm64le_1620/1620_build_dir/hcc_arm64le_1620/sysroot/usr/include --with-sysroot=/usr1/compiler_cpu/code/current/build/hcc_arm64le_1620/1620_build_dir/hcc_arm64le_1620/sysroot --with-build-sysroot=/usr1/compiler_cpu/code/current/build/hcc_arm64le_1620/1620_build_dir/hcc_arm64le_1620/sysroot --with-gmp=/usr1/compiler_cpu/code/current/build/hcc_arm64le_1620/1620_build_dir/hcc_arm64le_1620 --with-mpfr=/usr1/compiler_cpu/code/current/build/hcc_arm64le_1620/1620_build_dir/hcc_arm64le_1620 --with-mpc=/usr1/compiler_cpu/code/current/build/hcc_arm64le_1620/1620_build_dir/hcc_arm64le_1620 --with-isl=/usr1/compiler_cpu/code/current/build/hcc_arm64le_1620/1620_build_dir/hcc_arm64le_1620 --with-build-time-tools=/usr1/compiler_cpu/code/current/build/hcc_arm64le_1620/1620_build_dir/hcc_arm64le_1620/aarch64-linux-gnu/bin --libdir=/usr1/compiler_cpu/code/current/build/hcc_arm64le_1620/1620_build_dir/hcc_arm64le_1620/lib64 --disable-bootstrap --enable-fix-cortex-a53-835769 --enable-fix-cortex-a53-843419 --disable-libcilkrts --disable-libstdcxx-dual-abi --enable-default-pie --with-system-zlib]
  ignore line: [Thread model: posix]
  ignore line: [gcc version 7.3.0 (Compiler CPU V200R005C00SPC030B003) ]
  ignore line: [COLLECT_GCC_OPTIONS='-v' '-o' 'CMakeFiles/cmTC_b9574.dir/CMakeCXXCompilerABI.cpp.o' '-c' '-shared-libgcc' '-march=armv8-a' '-mlittle-endian' '-mabi=lp64' '-funwind-tables' '-fno-tree-coalesce-vars']
  ignore line: [ /home/Atlas500_DDK/toolchains/Euler_compile_env_cross/arm/cross_compile/install/bin/../libexec/gcc/aarch64-linux-gnu/7.3.0/cc1plus -quiet -v -iprefix /home/Atlas500_DDK/toolchains/Euler_compile_env_cross/arm/cross_compile/install/bin/../lib64/gcc/aarch64-linux-gnu/7.3.0/ -isysroot /home/Atlas500_DDK/toolchains/Euler_compile_env_cross/arm/cross_compile/install/sysroot -D_GNU_SOURCE /usr/share/cmake-3.16/Modules/CMakeCXXCompilerABI.cpp -quiet -dumpbase CMakeCXXCompilerABI.cpp -march=armv8-a -mlittle-endian -mabi=lp64 -auxbase-strip CMakeFiles/cmTC_b9574.dir/CMakeCXXCompilerABI.cpp.o -version -funwind-tables -fno-tree-coalesce-vars -o /tmp/cct6KowR.s]
  ignore line: [GNU C++14 (Compiler CPU V200R005C00SPC030B003) version 7.3.0 (aarch64-linux-gnu)]
  ignore line: [	compiled by GNU C version 7.3.0  GMP version 6.1.2  MPFR version 4.0.2  MPC version 1.1.0  isl version isl-0.21-GMP]
  ignore line: []
  ignore line: [GGC heuristics: --param ggc-min-expand=100 --param ggc-min-heapsize=131072]
  ignore line: [ignoring duplicate directory "/home/Atlas500_DDK/toolchains/Euler_compile_env_cross/arm/cross_compile/install/bin/../lib64/gcc/../../lib64/gcc/aarch64-linux-gnu/7.3.0/../../../../aarch64-linux-gnu/include/c++/7.3.0"]
  ignore line: [ignoring duplicate directory "/home/Atlas500_DDK/toolchains/Euler_compile_env_cross/arm/cross_compile/install/bin/../lib64/gcc/../../lib64/gcc/aarch64-linux-gnu/7.3.0/../../../../aarch64-linux-gnu/include/c++/7.3.0/aarch64-linux-gnu"]
  ignore line: [ignoring duplicate directory "/home/Atlas500_DDK/toolchains/Euler_compile_env_cross/arm/cross_compile/install/bin/../lib64/gcc/../../lib64/gcc/aarch64-linux-gnu/7.3.0/../../../../aarch64-linux-gnu/include/c++/7.3.0/backward"]
  ignore line: [ignoring duplicate directory "/home/Atlas500_DDK/toolchains/Euler_compile_env_cross/arm/cross_compile/install/bin/../lib64/gcc/../../lib64/gcc/aarch64-linux-gnu/7.3.0/include"]
  ignore line: [ignoring duplicate directory "/home/Atlas500_DDK/toolchains/Euler_compile_env_cross/arm/cross_compile/install/bin/../lib64/gcc/../../lib64/gcc/aarch64-linux-gnu/7.3.0/include-fixed"]
  ignore line: [ignoring duplicate directory "/home/Atlas500_DDK/toolchains/Euler_compile_env_cross/arm/cross_compile/install/bin/../lib64/gcc/../../lib64/gcc/aarch64-linux-gnu/7.3.0/../../../../aarch64-linux-gnu/include"]
  ignore line: [#include "..." search starts here:]
  ignore line: [#include <...> search starts here:]
  ignore line: [ /home/Atlas500_DDK/toolchains/Euler_compile_env_cross/arm/cross_compile/install/bin/../lib64/gcc/aarch64-linux-gnu/7.3.0/../../../../aarch64-linux-gnu/include/c++/7.3.0]
  ignore line: [ /home/Atlas500_DDK/toolchains/Euler_compile_env_cross/arm/cross_compile/install/bin/../lib64/gcc/aarch64-linux-gnu/7.3.0/../../../../aarch64-linux-gnu/include/c++/7.3.0/aarch64-linux-gnu]
  ignore line: [ /home/Atlas500_DDK/toolchains/Euler_compile_env_cross/arm/cross_compile/install/bin/../lib64/gcc/aarch64-linux-gnu/7.3.0/../../../../aarch64-linux-gnu/include/c++/7.3.0/backward]
  ignore line: [ /home/Atlas500_DDK/toolchains/Euler_compile_env_cross/arm/cross_compile/install/bin/../lib64/gcc/aarch64-linux-gnu/7.3.0/include]
  ignore line: [ /home/Atlas500_DDK/toolchains/Euler_compile_env_cross/arm/cross_compile/install/bin/../lib64/gcc/aarch64-linux-gnu/7.3.0/include-fixed]
  ignore line: [ /home/Atlas500_DDK/toolchains/Euler_compile_env_cross/arm/cross_compile/install/bin/../lib64/gcc/aarch64-linux-gnu/7.3.0/../../../../aarch64-linux-gnu/include]
  ignore line: [ /home/Atlas500_DDK/toolchains/Euler_compile_env_cross/arm/cross_compile/install/sysroot/usr/local/include]
  ignore line: [ /home/Atlas500_DDK/toolchains/Euler_compile_env_cross/arm/cross_compile/install/sysroot/usr/include]
  ignore line: [End of search list.]
  ignore line: [GNU C++14 (Compiler CPU V200R005C00SPC030B003) version 7.3.0 (aarch64-linux-gnu)]
  ignore line: [	compiled by GNU C version 7.3.0  GMP version 6.1.2  MPFR version 4.0.2  MPC version 1.1.0  isl version isl-0.21-GMP]
  ignore line: []
  ignore line: [GGC heuristics: --param ggc-min-expand=100 --param ggc-min-heapsize=131072]
  ignore line: [Compiler executable checksum: ecd0750e24f6ef06510b24fec8bac275]
  ignore line: [COLLECT_GCC_OPTIONS='-v' '-o' 'CMakeFiles/cmTC_b9574.dir/CMakeCXXCompilerABI.cpp.o' '-c' '-shared-libgcc' '-march=armv8-a' '-mlittle-endian' '-mabi=lp64' '-funwind-tables' '-fno-tree-coalesce-vars']
  ignore line: [ /home/Atlas500_DDK/toolchains/Euler_compile_env_cross/arm/cross_compile/install/bin/../lib64/gcc/aarch64-linux-gnu/7.3.0/../../../../aarch64-linux-gnu/bin/as -v -EL -march=armv8-a -mabi=lp64 -o CMakeFiles/cmTC_b9574.dir/CMakeCXXCompilerABI.cpp.o /tmp/cct6KowR.s]
  ignore line: [GNU assembler version 2.31.1 (aarch64-linux-gnu) using BFD version (Compiler CPU V200R005C00SPC030B003) 2.31.1]
  ignore line: [COMPILER_PATH=/home/Atlas500_DDK/toolchains/Euler_compile_env_cross/arm/cross_compile/install/bin/../libexec/gcc/aarch64-linux-gnu/7.3.0/:/home/Atlas500_DDK/toolchains/Euler_compile_env_cross/arm/cross_compile/install/bin/../libexec/gcc/:/home/Atlas500_DDK/toolchains/Euler_compile_env_cross/arm/cross_compile/install/bin/../lib64/gcc/aarch64-linux-gnu/7.3.0/../../../../aarch64-linux-gnu/bin/]
  ignore line: [LIBRARY_PATH=/home/Atlas500_DDK/toolchains/Euler_compile_env_cross/arm/cross_compile/install/bin/../lib64/gcc/aarch64-linux-gnu/7.3.0/:/home/Atlas500_DDK/toolchains/Euler_compile_env_cross/arm/cross_compile/install/bin/../lib64/gcc/:/home/Atlas500_DDK/toolchains/Euler_compile_env_cross/arm/cross_compile/install/bin/../lib64/gcc/aarch64-linux-gnu/7.3.0/../../../../aarch64-linux-gnu/lib/../lib64/:/home/Atlas500_DDK/toolchains/Euler_compile_env_cross/arm/cross_compile/install/sysroot/lib/../lib64/:/home/Atlas500_DDK/toolchains/Euler_compile_env_cross/arm/cross_compile/install/sysroot/usr/lib64/../lib64/:/home/Atlas500_DDK/toolchains/Euler_compile_env_cross/arm/cross_compile/install/bin/../lib64/gcc/aarch64-linux-gnu/7.3.0/../../../../aarch64-linux-gnu/lib/:/home/Atlas500_DDK/toolchains/Euler_compile_env_cross/arm/cross_compile/install/sysroot/lib/:/home/Atlas500_DDK/toolchains/Euler_compile_env_cross/arm/cross_compile/install/sysroot/usr/lib64/]
  ignore line: [COLLECT_GCC_OPTIONS='-v' '-o' 'CMakeFiles/cmTC_b9574.dir/CMakeCXXCompilerABI.cpp.o' '-c' '-shared-libgcc' '-march=armv8-a' '-mlittle-endian' '-mabi=lp64' '-funwind-tables' '-fno-tree-coalesce-vars']
  ignore line: [Linking CXX executable cmTC_b9574]
  ignore line: [/usr/bin/cmake -E cmake_link_script CMakeFiles/cmTC_b9574.dir/link.txt --verbose=1]
  ignore line: [/home/Atlas500_DDK/toolchains/Euler_compile_env_cross/arm/cross_compile/install/bin/aarch64-linux-gnu-g++ --sysroot=/home/Atlas500_DDK/toolchains/Euler_compile_env_cross/arm/cross_compile/install/sysroot      -v -rdynamic CMakeFiles/cmTC_b9574.dir/CMakeCXXCompilerABI.cpp.o  -o cmTC_b9574 ]
  ignore line: [Using built-in specs.]
  ignore line: [COLLECT_GCC=/home/Atlas500_DDK/toolchains/Euler_compile_env_cross/arm/cross_compile/install/bin/aarch64-linux-gnu-g++]
  ignore line: [COLLECT_LTO_WRAPPER=/home/Atlas500_DDK/toolchains/Euler_compile_env_cross/arm/cross_compile/install/bin/../libexec/gcc/aarch64-linux-gnu/7.3.0/lto-wrapper]
  ignore line: [Target: aarch64-linux-gnu]
  ignore line: [Configured with: /usr1/compiler_cpu/code/current/build/hcc_arm64le_1620/../../open_source/hcc_arm64le_1620_build_src/gcc-7.3.0/configure --build=x86_64-pc-linux-gnu --host=x86_64-pc-linux-gnu --target=aarch64-linux-gnu --with-arch=armv8-a --prefix=/usr1/compiler_cpu/code/current/build/hcc_arm64le_1620/1620_build_dir/hcc_arm64le_1620 --disable-multilib --with-specs='%{!fno-unwind-tables:-funwind-tables} %{!ftree-coalesce-vars:-fno-tree-coalesce-vars}' --enable-__cxa_atexit --with-gnu-as --with-gnu-ld --disable-libmudflap --enable-libgomp --enable-libssp --enable-threads --enable-plugin --enable-c99 --enable-long-long --disable-nls --enable-shared --enable-poison-system-directories --enable-symvers=gnu --with-pkgversion='Compiler CPU V200R005C00SPC030B003' --enable-languages=c,c++ --with-headers=/usr1/compiler_cpu/code/current/build/hcc_arm64le_1620/1620_build_dir/hcc_arm64le_1620/sysroot/usr/include --with-sysroot=/usr1/compiler_cpu/code/current/build/hcc_arm64le_1620/1620_build_dir/hcc_arm64le_1620/sysroot --with-build-sysroot=/usr1/compiler_cpu/code/current/build/hcc_arm64le_1620/1620_build_dir/hcc_arm64le_1620/sysroot --with-gmp=/usr1/compiler_cpu/code/current/build/hcc_arm64le_1620/1620_build_dir/hcc_arm64le_1620 --with-mpfr=/usr1/compiler_cpu/code/current/build/hcc_arm64le_1620/1620_build_dir/hcc_arm64le_1620 --with-mpc=/usr1/compiler_cpu/code/current/build/hcc_arm64le_1620/1620_build_dir/hcc_arm64le_1620 --with-isl=/usr1/compiler_cpu/code/current/build/hcc_arm64le_1620/1620_build_dir/hcc_arm64le_1620 --with-build-time-tools=/usr1/compiler_cpu/code/current/build/hcc_arm64le_1620/1620_build_dir/hcc_arm64le_1620/aarch64-linux-gnu/bin --libdir=/usr1/compiler_cpu/code/current/build/hcc_arm64le_1620/1620_build_dir/hcc_arm64le_1620/lib64 --disable-bootstrap --enable-fix-cortex-a53-835769 --enable-fix-cortex-a53-843419 --disable-libcilkrts --disable-libstdcxx-dual-abi --enable-default-pie --with-system-zlib]
  ignore line: [Thread model: posix]
  ignore line: [gcc version 7.3.0 (Compiler CPU V200R005C00SPC030B003) ]
  ignore line: [COMPILER_PATH=/home/Atlas500_DDK/toolchains/Euler_compile_env_cross/arm/cross_compile/install/bin/../libexec/gcc/aarch64-linux-gnu/7.3.0/:/home/Atlas500_DDK/toolchains/Euler_compile_env_cross/arm/cross_compile/install/bin/../libexec/gcc/:/home/Atlas500_DDK/toolchains/Euler_compile_env_cross/arm/cross_compile/install/bin/../lib64/gcc/aarch64-linux-gnu/7.3.0/../../../../aarch64-linux-gnu/bin/]
  ignore line: [LIBRARY_PATH=/home/Atlas500_DDK/toolchains/Euler_compile_env_cross/arm/cross_compile/install/bin/../lib64/gcc/aarch64-linux-gnu/7.3.0/:/home/Atlas500_DDK/toolchains/Euler_compile_env_cross/arm/cross_compile/install/bin/../lib64/gcc/:/home/Atlas500_DDK/toolchains/Euler_compile_env_cross/arm/cross_compile/install/bin/../lib64/gcc/aarch64-linux-gnu/7.3.0/../../../../aarch64-linux-gnu/lib/../lib64/:/home/Atlas500_DDK/toolchains/Euler_compile_env_cross/arm/cross_compile/install/sysroot/lib/../lib64/:/home/Atlas500_DDK/toolchains/Euler_compile_env_cross/arm/cross_compile/install/sysroot/usr/lib64/../lib64/:/home/Atlas500_DDK/toolchains/Euler_compile_env_cross/arm/cross_compile/install/bin/../lib64/gcc/aarch64-linux-gnu/7.3.0/../../../../aarch64-linux-gnu/lib/:/home/Atlas500_DDK/toolchains/Euler_compile_env_cross/arm/cross_compile/install/sysroot/lib/:/home/Atlas500_DDK/toolchains/Euler_compile_env_cross/arm/cross_compile/install/sysroot/usr/lib64/]
  ignore line: [COLLECT_GCC_OPTIONS='-v' '-rdynamic' '-o' 'cmTC_b9574' '-shared-libgcc' '-march=armv8-a' '-mlittle-endian' '-mabi=lp64' '-funwind-tables' '-fno-tree-coalesce-vars']
  link line: [ /home/Atlas500_DDK/toolchains/Euler_compile_env_cross/arm/cross_compile/install/bin/../libexec/gcc/aarch64-linux-gnu/7.3.0/collect2 -plugin /home/Atlas500_DDK/toolchains/Euler_compile_env_cross/arm/cross_compile/install/bin/../libexec/gcc/aarch64-linux-gnu/7.3.0/liblto_plugin.so -plugin-opt=/home/Atlas500_DDK/toolchains/Euler_compile_env_cross/arm/cross_compile/install/bin/../libexec/gcc/aarch64-linux-gnu/7.3.0/lto-wrapper -plugin-opt=-fresolution=/tmp/ccU9oiKi.res -plugin-opt=-pass-through=-lgcc_s -plugin-opt=-pass-through=-lgcc -plugin-opt=-pass-through=-lc -plugin-opt=-pass-through=-lgcc_s -plugin-opt=-pass-through=-lgcc --sysroot=/home/Atlas500_DDK/toolchains/Euler_compile_env_cross/arm/cross_compile/install/sysroot --eh-frame-hdr -export-dynamic -dynamic-linker /lib64/ld-linux-aarch64.so.1 -X -EL -maarch64linux --fix-cortex-a53-835769 --fix-cortex-a53-843419 -pie -o cmTC_b9574 /home/Atlas500_DDK/toolchains/Euler_compile_env_cross/arm/cross_compile/install/sysroot/lib/../lib64/Scrt1.o /home/Atlas500_DDK/toolchains/Euler_compile_env_cross/arm/cross_compile/install/sysroot/lib/../lib64/crti.o /home/Atlas500_DDK/toolchains/Euler_compile_env_cross/arm/cross_compile/install/bin/../lib64/gcc/aarch64-linux-gnu/7.3.0/crtbeginS.o -L/home/Atlas500_DDK/toolchains/Euler_compile_env_cross/arm/cross_compile/install/bin/../lib64/gcc/aarch64-linux-gnu/7.3.0 -L/home/Atlas500_DDK/toolchains/Euler_compile_env_cross/arm/cross_compile/install/bin/../lib64/gcc -L/home/Atlas500_DDK/toolchains/Euler_compile_env_cross/arm/cross_compile/install/bin/../lib64/gcc/aarch64-linux-gnu/7.3.0/../../../../aarch64-linux-gnu/lib/../lib64 -L/home/Atlas500_DDK/toolchains/Euler_compile_env_cross/arm/cross_compile/install/sysroot/lib/../lib64 -L/home/Atlas500_DDK/toolchains/Euler_compile_env_cross/arm/cross_compile/install/sysroot/usr/lib64/../lib64 -L/home/Atlas500_DDK/toolchains/Euler_compile_env_cross/arm/cross_compile/install/bin/../lib64/gcc/aarch64-linux-gnu/7.3.0/../../../../aarch64-linux-gnu/lib -L/home/Atlas500_DDK/toolchains/Euler_compile_env_cross/arm/cross_compile/install/sysroot/lib -L/home/Atlas500_DDK/toolchains/Euler_compile_env_cross/arm/cross_compile/install/sysroot/usr/lib64 CMakeFiles/cmTC_b9574.dir/CMakeCXXCompilerABI.cpp.o -lstdc++ -lm -lgcc_s -lgcc -lc -lgcc_s -lgcc /home/Atlas500_DDK/toolchains/Euler_compile_env_cross/arm/cross_compile/install/bin/../lib64/gcc/aarch64-linux-gnu/7.3.0/crtendS.o /home/Atlas500_DDK/toolchains/Euler_compile_env_cross/arm/cross_compile/install/sysroot/lib/../lib64/crtn.o]
    arg [/home/Atlas500_DDK/toolchains/Euler_compile_env_cross/arm/cross_compile/install/bin/../libexec/gcc/aarch64-linux-gnu/7.3.0/collect2] ==> ignore
    arg [-plugin] ==> ignore
    arg [/home/Atlas500_DDK/toolchains/Euler_compile_env_cross/arm/cross_compile/install/bin/../libexec/gcc/aarch64-linux-gnu/7.3.0/liblto_plugin.so] ==> ignore
    arg [-plugin-opt=/home/Atlas500_DDK/toolchains/Euler_compile_env_cross/arm/cross_compile/install/bin/../libexec/gcc/aarch64-linux-gnu/7.3.0/lto-wrapper] ==> ignore
    arg [-plugin-opt=-fresolution=/tmp/ccU9oiKi.res] ==> ignore
    arg [-plugin-opt=-pass-through=-lgcc_s] ==> ignore
    arg [-plugin-opt=-pass-through=-lgcc] ==> ignore
    arg [-plugin-opt=-pass-through=-lc] ==> ignore
    arg [-plugin-opt=-pass-through=-lgcc_s] ==> ignore
    arg [-plugin-opt=-pass-through=-lgcc] ==> ignore
    arg [--sysroot=/home/Atlas500_DDK/toolchains/Euler_compile_env_cross/arm/cross_compile/install/sysroot] ==> ignore
    arg [--eh-frame-hdr] ==> ignore
    arg [-export-dynamic] ==> ignore
    arg [-dynamic-linker] ==> ignore
    arg [/lib64/ld-linux-aarch64.so.1] ==> ignore
    arg [-X] ==> ignore
    arg [-EL] ==> ignore
    arg [-maarch64linux] ==> ignore
    arg [--fix-cortex-a53-835769] ==> ignore
    arg [--fix-cortex-a53-843419] ==> ignore
    arg [-pie] ==> ignore
    arg [-o] ==> ignore
    arg [cmTC_b9574] ==> ignore
    arg [/home/Atlas500_DDK/toolchains/Euler_compile_env_cross/arm/cross_compile/install/sysroot/lib/../lib64/Scrt1.o] ==> ignore
    arg [/home/Atlas500_DDK/toolchains/Euler_compile_env_cross/arm/cross_compile/install/sysroot/lib/../lib64/crti.o] ==> ignore
    arg [/home/Atlas500_DDK/toolchains/Euler_compile_env_cross/arm/cross_compile/install/bin/../lib64/gcc/aarch64-linux-gnu/7.3.0/crtbeginS.o] ==> ignore
    arg [-L/home/Atlas500_DDK/toolchains/Euler_compile_env_cross/arm/cross_compile/install/bin/../lib64/gcc/aarch64-linux-gnu/7.3.0] ==> dir [/home/Atlas500_DDK/toolchains/Euler_compile_env_cross/arm/cross_compile/install/bin/../lib64/gcc/aarch64-linux-gnu/7.3.0]
    arg [-L/home/Atlas500_DDK/toolchains/Euler_compile_env_cross/arm/cross_compile/install/bin/../lib64/gcc] ==> dir [/home/Atlas500_DDK/toolchains/Euler_compile_env_cross/arm/cross_compile/install/bin/../lib64/gcc]
    arg [-L/home/Atlas500_DDK/toolchains/Euler_compile_env_cross/arm/cross_compile/install/bin/../lib64/gcc/aarch64-linux-gnu/7.3.0/../../../../aarch64-linux-gnu/lib/../lib64] ==> dir [/home/Atlas500_DDK/toolchains/Euler_compile_env_cross/arm/cross_compile/install/bin/../lib64/gcc/aarch64-linux-gnu/7.3.0/../../../../aarch64-linux-gnu/lib/../lib64]
    arg [-L/home/Atlas500_DDK/toolchains/Euler_compile_env_cross/arm/cross_compile/install/sysroot/lib/../lib64] ==> dir [/home/Atlas500_DDK/toolchains/Euler_compile_env_cross/arm/cross_compile/install/sysroot/lib/../lib64]
    arg [-L/home/Atlas500_DDK/toolchains/Euler_compile_env_cross/arm/cross_compile/install/sysroot/usr/lib64/../lib64] ==> dir [/home/Atlas500_DDK/toolchains/Euler_compile_env_cross/arm/cross_compile/install/sysroot/usr/lib64/../lib64]
    arg [-L/home/Atlas500_DDK/toolchains/Euler_compile_env_cross/arm/cross_compile/install/bin/../lib64/gcc/aarch64-linux-gnu/7.3.0/../../../../aarch64-linux-gnu/lib] ==> dir [/home/Atlas500_DDK/toolchains/Euler_compile_env_cross/arm/cross_compile/install/bin/../lib64/gcc/aarch64-linux-gnu/7.3.0/../../../../aarch64-linux-gnu/lib]
    arg [-L/home/Atlas500_DDK/toolchains/Euler_compile_env_cross/arm/cross_compile/install/sysroot/lib] ==> dir [/home/Atlas500_DDK/toolchains/Euler_compile_env_cross/arm/cross_compile/install/sysroot/lib]
    arg [-L/home/Atlas500_DDK/toolchains/Euler_compile_env_cross/arm/cross_compile/install/sysroot/usr/lib64] ==> dir [/home/Atlas500_DDK/toolchains/Euler_compile_env_cross/arm/cross_compile/install/sysroot/usr/lib64]
    arg [CMakeFiles/cmTC_b9574.dir/CMakeCXXCompilerABI.cpp.o] ==> ignore
    arg [-lstdc++] ==> lib [stdc++]
    arg [-lm] ==> lib [m]
    arg [-lgcc_s] ==> lib [gcc_s]
    arg [-lgcc] ==> lib [gcc]
    arg [-lc] ==> lib [c]
    arg [-lgcc_s] ==> lib [gcc_s]
    arg [-lgcc] ==> lib [gcc]
    arg [/home/Atlas500_DDK/toolchains/Euler_compile_env_cross/arm/cross_compile/install/bin/../lib64/gcc/aarch64-linux-gnu/7.3.0/crtendS.o] ==> ignore
    arg [/home/Atlas500_DDK/toolchains/Euler_compile_env_cross/arm/cross_compile/install/sysroot/lib/../lib64/crtn.o] ==> ignore
  collapse library dir [/home/Atlas500_DDK/toolchains/Euler_compile_env_cross/arm/cross_compile/install/bin/../lib64/gcc/aarch64-linux-gnu/7.3.0] ==> [/home/Atlas500_DDK/toolchains/Euler_compile_env_cross/arm/cross_compile/install/lib64/gcc/aarch64-linux-gnu/7.3.0]
  collapse library dir [/home/Atlas500_DDK/toolchains/Euler_compile_env_cross/arm/cross_compile/install/bin/../lib64/gcc] ==> [/home/Atlas500_DDK/toolchains/Euler_compile_env_cross/arm/cross_compile/install/lib64/gcc]
  collapse library dir [/home/Atlas500_DDK/toolchains/Euler_compile_env_cross/arm/cross_compile/install/bin/../lib64/gcc/aarch64-linux-gnu/7.3.0/../../../../aarch64-linux-gnu/lib/../lib64] ==> [/home/Atlas500_DDK/toolchains/Euler_compile_env_cross/arm/cross_compile/install/aarch64-linux-gnu/lib64]
  collapse library dir [/home/Atlas500_DDK/toolchains/Euler_compile_env_cross/arm/cross_compile/install/sysroot/lib/../lib64] ==> [/home/Atlas500_DDK/toolchains/Euler_compile_env_cross/arm/cross_compile/install/sysroot/lib64]
  collapse library dir [/home/Atlas500_DDK/toolchains/Euler_compile_env_cross/arm/cross_compile/install/sysroot/usr/lib64/../lib64] ==> [/home/Atlas500_DDK/toolchains/Euler_compile_env_cross/arm/cross_compile/install/sysroot/usr/lib64]
  collapse library dir [/home/Atlas500_DDK/toolchains/Euler_compile_env_cross/arm/cross_compile/install/bin/../lib64/gcc/aarch64-linux-gnu/7.3.0/../../../../aarch64-linux-gnu/lib] ==> [/home/Atlas500_DDK/toolchains/Euler_compile_env_cross/arm/cross_compile/install/aarch64-linux-gnu/lib]
  collapse library dir [/home/Atlas500_DDK/toolchains/Euler_compile_env_cross/arm/cross_compile/install/sysroot/lib] ==> [/home/Atlas500_DDK/toolchains/Euler_compile_env_cross/arm/cross_compile/install/sysroot/lib]
  collapse library dir [/home/Atlas500_DDK/toolchains/Euler_compile_env_cross/arm/cross_compile/install/sysroot/usr/lib64] ==> [/home/Atlas500_DDK/toolchains/Euler_compile_env_cross/arm/cross_compile/install/sysroot/usr/lib64]
  implicit libs: [stdc++;m;gcc_s;gcc;c;gcc_s;gcc]
  implicit dirs: [/home/Atlas500_DDK/toolchains/Euler_compile_env_cross/arm/cross_compile/install/lib64/gcc/aarch64-linux-gnu/7.3.0;/home/Atlas500_DDK/toolchains/Euler_compile_env_cross/arm/cross_compile/install/lib64/gcc;/home/Atlas500_DDK/toolchains/Euler_compile_env_cross/arm/cross_compile/install/aarch64-linux-gnu/lib64;/home/Atlas500_DDK/toolchains/Euler_compile_env_cross/arm/cross_compile/install/sysroot/lib64;/home/Atlas500_DDK/toolchains/Euler_compile_env_cross/arm/cross_compile/install/sysroot/usr/lib64;/home/Atlas500_DDK/toolchains/Euler_compile_env_cross/arm/cross_compile/install/aarch64-linux-gnu/lib;/home/Atlas500_DDK/toolchains/Euler_compile_env_cross/arm/cross_compile/install/sysroot/lib]
  implicit fwks: []


